running generated tests for  FASTMPMC
./tests/generated/generic_10_0_10_True_4/t0.c
Sun Jan 31 14:29:58 IST 2021
Number of complete executions explored: 1
Total wall-clock time: 0.02s
./tests/generated/generic_10_0_10_True_4/t10.c
Sun Jan 31 14:29:58 IST 2021
Number of complete executions explored: 0
Number of blocked executions seen: 540
Total wall-clock time: 0.06s
./tests/generated/generic_10_0_10_True_4/t11.c
Sun Jan 31 14:29:58 IST 2021
Number of complete executions explored: 0
Number of blocked executions seen: 1
Total wall-clock time: 0.01s
./tests/generated/generic_10_0_10_True_4/t12.c
Sun Jan 31 14:29:58 IST 2021
Number of complete executions explored: 0
Number of blocked executions seen: 1
Total wall-clock time: 0.02s
./tests/generated/generic_10_0_10_True_4/t13.c
Sun Jan 31 14:29:58 IST 2021
Number of complete executions explored: 0
Number of blocked executions seen: 1
Total wall-clock time: 0.02s
./tests/generated/generic_10_0_10_True_4/t1.c
Sun Jan 31 14:29:58 IST 2021
Number of complete executions explored: 0
Number of blocked executions seen: 540
Total wall-clock time: 0.05s
./tests/generated/generic_10_0_10_True_4/t2.c
Sun Jan 31 14:29:58 IST 2021
Number of complete executions explored: 0
Number of blocked executions seen: 9158
Total wall-clock time: 0.69s
./tests/generated/generic_10_0_10_True_4/t3.c
Sun Jan 31 14:29:59 IST 2021
Number of complete executions explored: 0
Number of blocked executions seen: 167306
Total wall-clock time: 22.87s
./tests/generated/generic_10_0_10_True_4/t4.c
Sun Jan 31 14:30:22 IST 2021
Number of complete executions explored: 0
Number of blocked executions seen: 9785
Total wall-clock time: 0.66s
./tests/generated/generic_10_0_10_True_4/t5.c
Sun Jan 31 14:30:23 IST 2021
Number of complete executions explored: 0
Number of blocked executions seen: 39621
Total wall-clock time: 2.53s
./tests/generated/generic_10_0_10_True_4/t6.c
Sun Jan 31 14:30:25 IST 2021
Number of complete executions explored: 0
Number of blocked executions seen: 1451
Total wall-clock time: 0.14s
./tests/generated/generic_10_0_10_True_4/t7.c
Sun Jan 31 14:30:25 IST 2021
Number of complete executions explored: 0
Number of blocked executions seen: 359702
Total wall-clock time: 71.95s
./tests/generated/generic_10_0_10_True_4/t8.c
Sun Jan 31 14:31:37 IST 2021
Number of complete executions explored: 0
Number of blocked executions seen: 4962
Total wall-clock time: 0.38s
./tests/generated/generic_10_0_10_True_4/t9.c
Sun Jan 31 14:31:38 IST 2021
Number of complete executions explored: 0
Number of blocked executions seen: 1451
Total wall-clock time: 0.10s
./tests/generated/generic_10_2_10_True_4/t0.c
Sun Jan 31 14:31:38 IST 2021
Number of complete executions explored: 1
Total wall-clock time: 0.01s
./tests/generated/generic_10_2_10_True_4/t10.c
Sun Jan 31 14:31:38 IST 2021
Number of complete executions explored: 0
Number of blocked executions seen: 1429
Total wall-clock time: 0.12s
./tests/generated/generic_10_2_10_True_4/t11.c
Sun Jan 31 14:31:38 IST 2021
Number of complete executions explored: 0
Number of blocked executions seen: 1451
Total wall-clock time: 0.10s
./tests/generated/generic_10_2_10_True_4/t12.c
Sun Jan 31 14:31:38 IST 2021
Number of complete executions explored: 0
Number of blocked executions seen: 425
Total wall-clock time: 0.04s
./tests/generated/generic_10_2_10_True_4/t13.c
Sun Jan 31 14:31:38 IST 2021
Number of complete executions explored: 0
Number of blocked executions seen: 794
Total wall-clock time: 0.06s
./tests/generated/generic_10_2_10_True_4/t14.c
Sun Jan 31 14:31:38 IST 2021
Number of complete executions explored: 0
Number of blocked executions seen: 271254
Total wall-clock time: 21.34s
./tests/generated/generic_10_2_10_True_4/t15.c
Sun Jan 31 14:32:00 IST 2021
Number of complete executions explored: 0
Number of blocked executions seen: 9785
Total wall-clock time: 0.62s
./tests/generated/generic_10_2_10_True_4/t16.c
Sun Jan 31 14:32:00 IST 2021
Number of complete executions explored: 0
Number of blocked executions seen: 540
Total wall-clock time: 0.06s
./tests/generated/generic_10_2_10_True_4/t17.c
Sun Jan 31 14:32:01 IST 2021
Number of complete executions explored: 0
Number of blocked executions seen: 1573003
Total wall-clock time: 120.65s
./tests/generated/generic_10_2_10_True_4/t18.c
Sun Jan 31 14:34:01 IST 2021
Number of complete executions explored: 0
Number of blocked executions seen: 1
Total wall-clock time: 0.03s
./tests/generated/generic_10_2_10_True_4/t19.c
Sun Jan 31 14:34:01 IST 2021
Number of complete executions explored: 0
Number of blocked executions seen: 1
Total wall-clock time: 0.02s
./tests/generated/generic_10_2_10_True_4/t1.c
Sun Jan 31 14:34:01 IST 2021
Number of complete executions explored: 0
Number of blocked executions seen: 540
Total wall-clock time: 0.05s
./tests/generated/generic_10_2_10_True_4/t2.c
Sun Jan 31 14:34:02 IST 2021
Number of complete executions explored: 0
Number of blocked executions seen: 1451
Total wall-clock time: 0.11s
./tests/generated/generic_10_2_10_True_4/t3.c
Sun Jan 31 14:34:02 IST 2021
Number of complete executions explored: 0
Number of blocked executions seen: 7730
Total wall-clock time: 0.42s
./tests/generated/generic_10_2_10_True_4/t4.c
Sun Jan 31 14:34:02 IST 2021
Number of complete executions explored: 0
Number of blocked executions seen: 9158
Total wall-clock time: 0.69s
./tests/generated/generic_10_2_10_True_4/t5.c
Sun Jan 31 14:34:03 IST 2021
Number of complete executions explored: 0
Number of blocked executions seen: 61000
Total wall-clock time: 5.03s
./tests/generated/generic_10_2_10_True_4/t6.c
Sun Jan 31 14:34:08 IST 2021
Number of complete executions explored: 0
Number of blocked executions seen: 113605
Total wall-clock time: 8.06s
./tests/generated/generic_10_2_10_True_4/t7.c
Sun Jan 31 14:34:16 IST 2021
Number of complete executions explored: 0
Number of blocked executions seen: 1578
Total wall-clock time: 0.10s
./tests/generated/generic_10_2_10_True_4/t8.c
Sun Jan 31 14:34:16 IST 2021
Number of complete executions explored: 0
Number of blocked executions seen: 4962
Total wall-clock time: 0.31s
./tests/generated/generic_10_2_10_True_4/t9.c
Sun Jan 31 14:34:17 IST 2021
Number of complete executions explored: 0
Number of blocked executions seen: 1578
Total wall-clock time: 0.10s
./tests/generated/generic_10_0_10_True_5/t0.c
Sun Jan 31 14:34:17 IST 2021
Number of complete executions explored: 1
Total wall-clock time: 0.02s
./tests/generated/generic_10_0_10_True_5/t10.c
Sun Jan 31 14:34:17 IST 2021
Number of complete executions explored: 0
Number of blocked executions seen: 3888
Total wall-clock time: 0.27s
./tests/generated/generic_10_0_10_True_5/t11.c
Sun Jan 31 14:34:17 IST 2021
Number of complete executions explored: 0
Number of blocked executions seen: 3888
Total wall-clock time: 0.34s
./tests/generated/generic_10_0_10_True_5/t12.c
Sun Jan 31 14:34:17 IST 2021
Number of complete executions explored: 0
Number of blocked executions seen: 1
Total wall-clock time: 0.02s
./tests/generated/generic_10_0_10_True_5/t13.c
Sun Jan 31 14:34:17 IST 2021
Number of complete executions explored: 0
Number of blocked executions seen: 1
Total wall-clock time: 0.02s
./tests/generated/generic_10_0_10_True_5/t1.c
Sun Jan 31 14:34:17 IST 2021
Number of complete executions explored: 0
Number of blocked executions seen: 361542
Total wall-clock time: 31.50s
./tests/generated/generic_10_0_10_True_5/t2.c
Sun Jan 31 14:34:49 IST 2021
Number of complete executions explored: 0
Number of blocked executions seen: 337811
Total wall-clock time: 24.12s
./tests/generated/generic_10_0_10_True_5/t3.c
Sun Jan 31 14:35:13 IST 2021
Number of complete executions explored: 0
Number of blocked executions seen: 167306
Total wall-clock time: 23.12s
./tests/generated/generic_10_0_10_True_5/t4.c
Sun Jan 31 14:35:36 IST 2021
Number of complete executions explored: 0
Number of blocked executions seen: 359438
Total wall-clock time: 31.41s
./tests/generated/generic_10_0_10_True_5/t5.c
Sun Jan 31 14:36:08 IST 2021
Number of complete executions explored: 0
Number of blocked executions seen: 39621
Total wall-clock time: 2.55s
./tests/generated/generic_10_0_10_True_5/t6.c
Sun Jan 31 14:36:10 IST 2021
Number of complete executions explored: 0
Number of blocked executions seen: 39621
Total wall-clock time: 2.98s
./tests/generated/generic_10_0_10_True_5/t7.c
Sun Jan 31 14:36:14 IST 2021
Number of complete executions explored: 0
Number of blocked executions seen: 359702
Total wall-clock time: 72.21s
./tests/generated/generic_10_0_10_True_5/t8.c
Sun Jan 31 14:37:26 IST 2021
Number of complete executions explored: 0
Number of blocked executions seen: 164326
Total wall-clock time: 13.72s
./tests/generated/generic_10_0_10_True_5/t9.c
Sun Jan 31 14:37:40 IST 2021
Number of complete executions explored: 0
Number of blocked executions seen: 342044
Total wall-clock time: 30.76s
./tests/generated/generic_10_2_10_True_5/t0.c
Sun Jan 31 14:38:10 IST 2021
Number of complete executions explored: 1
Total wall-clock time: 0.02s
./tests/generated/generic_10_2_10_True_5/t10.c
Sun Jan 31 14:38:10 IST 2021
Number of complete executions explored: 0
Number of blocked executions seen: 31518
Total wall-clock time: 2.06s
./tests/generated/generic_10_2_10_True_5/t11.c
Sun Jan 31 14:38:13 IST 2021
Number of complete executions explored: 0
Number of blocked executions seen: 39621
Total wall-clock time: 2.37s
./tests/generated/generic_10_2_10_True_5/t12.c
Sun Jan 31 14:38:15 IST 2021
Number of complete executions explored: 0
Number of blocked executions seen: 10802
Total wall-clock time: 0.65s
./tests/generated/generic_10_2_10_True_5/t13.c
Sun Jan 31 14:38:16 IST 2021
Number of complete executions explored: 0
Number of blocked executions seen: 19219
Total wall-clock time: 1.20s
./tests/generated/generic_10_2_10_True_5/t14.c
Sun Jan 31 14:38:17 IST 2021
Number of complete executions explored: 0
Number of blocked executions seen: 271254
Total wall-clock time: 21.38s
./tests/generated/generic_10_2_10_True_5/t15.c
Sun Jan 31 14:38:38 IST 2021
Number of complete executions explored: 0
Number of blocked executions seen: 359438
Total wall-clock time: 38.64s
./tests/generated/generic_10_2_10_True_5/t16.c
Sun Jan 31 14:39:17 IST 2021
Number of complete executions explored: 0
Number of blocked executions seen: 3888
Total wall-clock time: 0.27s
./tests/generated/generic_10_2_10_True_5/t17.c
Sun Jan 31 14:39:17 IST 2021
Number of complete executions explored: 0
Number of blocked executions seen: 1573003
Total wall-clock time: 122.92s
./tests/generated/generic_10_2_10_True_5/t18.c
Sun Jan 31 14:41:20 IST 2021
Number of complete executions explored: 0
Number of blocked executions seen: 3888
Total wall-clock time: 0.35s
./tests/generated/generic_10_2_10_True_5/t19.c
Sun Jan 31 14:41:21 IST 2021
Number of complete executions explored: 0
Number of blocked executions seen: 1
Total wall-clock time: 0.02s
./tests/generated/generic_10_2_10_True_5/t1.c
Sun Jan 31 14:41:21 IST 2021
Number of complete executions explored: 0
Number of blocked executions seen: 361542
Total wall-clock time: 31.29s
./tests/generated/generic_10_2_10_True_5/t2.c
Sun Jan 31 14:41:52 IST 2021
Number of complete executions explored: 0
Number of blocked executions seen: 342044
Total wall-clock time: 31.91s
./tests/generated/generic_10_2_10_True_5/t3.c
Sun Jan 31 14:42:24 IST 2021
Number of complete executions explored: 0
Number of blocked executions seen: 271254
Total wall-clock time: 17.50s
./tests/generated/generic_10_2_10_True_5/t4.c
Sun Jan 31 14:42:42 IST 2021
Number of complete executions explored: 0
Number of blocked executions seen: 337811
Total wall-clock time: 24.02s
./tests/generated/generic_10_2_10_True_5/t5.c
Sun Jan 31 14:43:06 IST 2021
Number of complete executions explored: 0
Number of blocked executions seen: 61000
Total wall-clock time: 5.13s
./tests/generated/generic_10_2_10_True_5/t6.c
Sun Jan 31 14:43:11 IST 2021
Number of complete executions explored: 0
Number of blocked executions seen: 113605
Total wall-clock time: 8.01s
./tests/generated/generic_10_2_10_True_5/t7.c
Sun Jan 31 14:43:19 IST 2021
Number of complete executions explored: 0
Number of blocked executions seen: 257092
Total wall-clock time: 23.19s
./tests/generated/generic_10_2_10_True_5/t8.c
Sun Jan 31 14:43:42 IST 2021
Number of complete executions explored: 0
Number of blocked executions seen: 164326
Total wall-clock time: 12.19s
./tests/generated/generic_10_2_10_True_5/t9.c
Sun Jan 31 14:43:55 IST 2021
Number of complete executions explored: 0
Number of blocked executions seen: 34192
Total wall-clock time: 2.17s
