running generated tests for  FASTMPMC
./tests/generated/generic_10_0_10_True_4/t0.c
Sun Jan 31 14:12:48 IST 2021
Number of complete executions explored: 1
Total wall-clock time: 0.01s
./tests/generated/generic_10_0_10_True_4/t10.c
Sun Jan 31 14:12:48 IST 2021
Number of complete executions explored: 0
Number of blocked executions seen: 540
Total wall-clock time: 0.06s
./tests/generated/generic_10_0_10_True_4/t11.c
Sun Jan 31 14:12:48 IST 2021
Number of complete executions explored: 0
Number of blocked executions seen: 1
Total wall-clock time: 0.01s
./tests/generated/generic_10_0_10_True_4/t12.c
Sun Jan 31 14:12:48 IST 2021
Number of complete executions explored: 0
Number of blocked executions seen: 1
Total wall-clock time: 0.01s
./tests/generated/generic_10_0_10_True_4/t13.c
Sun Jan 31 14:12:48 IST 2021
Number of complete executions explored: 0
Number of blocked executions seen: 1
Total wall-clock time: 0.01s
./tests/generated/generic_10_0_10_True_4/t1.c
Sun Jan 31 14:12:48 IST 2021
Number of complete executions explored: 0
Number of blocked executions seen: 540
Total wall-clock time: 0.06s
./tests/generated/generic_10_0_10_True_4/t2.c
Sun Jan 31 14:12:49 IST 2021
Number of complete executions explored: 0
Number of blocked executions seen: 9158
Total wall-clock time: 0.69s
./tests/generated/generic_10_0_10_True_4/t3.c
Sun Jan 31 14:12:49 IST 2021
Number of complete executions explored: 0
Number of blocked executions seen: 167306
Total wall-clock time: 22.95s
./tests/generated/generic_10_0_10_True_4/t4.c
Sun Jan 31 14:13:12 IST 2021
Number of complete executions explored: 0
Number of blocked executions seen: 9785
Total wall-clock time: 0.66s
./tests/generated/generic_10_0_10_True_4/t5.c
Sun Jan 31 14:13:13 IST 2021
Number of complete executions explored: 0
Number of blocked executions seen: 39621
Total wall-clock time: 2.55s
./tests/generated/generic_10_0_10_True_4/t6.c
Sun Jan 31 14:13:16 IST 2021
Number of complete executions explored: 0
Number of blocked executions seen: 1451
Total wall-clock time: 0.14s
./tests/generated/generic_10_0_10_True_4/t7.c
Sun Jan 31 14:13:16 IST 2021
Number of complete executions explored: 0
Number of blocked executions seen: 359702
Total wall-clock time: 73.62s
./tests/generated/generic_10_0_10_True_4/t8.c
Sun Jan 31 14:14:29 IST 2021
Number of complete executions explored: 0
Number of blocked executions seen: 4962
Total wall-clock time: 0.36s
./tests/generated/generic_10_0_10_True_4/t9.c
Sun Jan 31 14:14:30 IST 2021
Number of complete executions explored: 0
Number of blocked executions seen: 1451
Total wall-clock time: 0.10s
./tests/generated/generic_10_2_10_True_4/t0.c
Sun Jan 31 14:14:30 IST 2021
Number of complete executions explored: 1
Total wall-clock time: 0.02s
./tests/generated/generic_10_2_10_True_4/t10.c
Sun Jan 31 14:14:30 IST 2021
Number of complete executions explored: 0
Number of blocked executions seen: 1429
Total wall-clock time: 0.13s
./tests/generated/generic_10_2_10_True_4/t11.c
Sun Jan 31 14:14:30 IST 2021
Number of complete executions explored: 0
Number of blocked executions seen: 1451
Total wall-clock time: 0.10s
./tests/generated/generic_10_2_10_True_4/t12.c
Sun Jan 31 14:14:30 IST 2021
Number of complete executions explored: 0
Number of blocked executions seen: 425
Total wall-clock time: 0.04s
./tests/generated/generic_10_2_10_True_4/t13.c
Sun Jan 31 14:14:30 IST 2021
Number of complete executions explored: 0
Number of blocked executions seen: 794
Total wall-clock time: 0.06s
./tests/generated/generic_10_2_10_True_4/t14.c
Sun Jan 31 14:14:31 IST 2021
Number of complete executions explored: 0
Number of blocked executions seen: 271254
Total wall-clock time: 21.37s
./tests/generated/generic_10_2_10_True_4/t15.c
Sun Jan 31 14:14:52 IST 2021
Number of complete executions explored: 0
Number of blocked executions seen: 9785
Total wall-clock time: 0.63s
./tests/generated/generic_10_2_10_True_4/t16.c
Sun Jan 31 14:14:53 IST 2021
Number of complete executions explored: 0
Number of blocked executions seen: 540
Total wall-clock time: 0.06s
./tests/generated/generic_10_2_10_True_4/t17.c
Sun Jan 31 14:14:53 IST 2021
Number of complete executions explored: 0
Number of blocked executions seen: 1573003
Total wall-clock time: 120.60s
./tests/generated/generic_10_2_10_True_4/t18.c
Sun Jan 31 14:16:53 IST 2021
Number of complete executions explored: 0
Number of blocked executions seen: 1
Total wall-clock time: 0.03s
./tests/generated/generic_10_2_10_True_4/t19.c
Sun Jan 31 14:16:53 IST 2021
Number of complete executions explored: 0
Number of blocked executions seen: 1
Total wall-clock time: 0.02s
./tests/generated/generic_10_2_10_True_4/t1.c
Sun Jan 31 14:16:54 IST 2021
Number of complete executions explored: 0
Number of blocked executions seen: 540
Total wall-clock time: 0.05s
./tests/generated/generic_10_2_10_True_4/t2.c
Sun Jan 31 14:16:54 IST 2021
Number of complete executions explored: 0
Number of blocked executions seen: 1451
Total wall-clock time: 0.10s
./tests/generated/generic_10_2_10_True_4/t3.c
Sun Jan 31 14:16:54 IST 2021
Number of complete executions explored: 0
Number of blocked executions seen: 7730
Total wall-clock time: 0.42s
./tests/generated/generic_10_2_10_True_4/t4.c
Sun Jan 31 14:16:54 IST 2021
Number of complete executions explored: 0
Number of blocked executions seen: 9158
Total wall-clock time: 0.68s
./tests/generated/generic_10_2_10_True_4/t5.c
Sun Jan 31 14:16:55 IST 2021
Number of complete executions explored: 0
Number of blocked executions seen: 61000
Total wall-clock time: 5.10s
./tests/generated/generic_10_2_10_True_4/t6.c
Sun Jan 31 14:17:00 IST 2021
Number of complete executions explored: 0
Number of blocked executions seen: 113605
Total wall-clock time: 8.00s
./tests/generated/generic_10_2_10_True_4/t7.c
Sun Jan 31 14:17:08 IST 2021
Number of complete executions explored: 0
Number of blocked executions seen: 1578
Total wall-clock time: 0.11s
./tests/generated/generic_10_2_10_True_4/t8.c
Sun Jan 31 14:17:08 IST 2021
Number of complete executions explored: 0
Number of blocked executions seen: 4962
Total wall-clock time: 0.31s
./tests/generated/generic_10_2_10_True_4/t9.c
Sun Jan 31 14:17:09 IST 2021
Number of complete executions explored: 0
Number of blocked executions seen: 1578
Total wall-clock time: 0.11s
./tests/generated/generic_10_0_10_True_5/t0.c
Sun Jan 31 14:17:09 IST 2021
Number of complete executions explored: 1
Total wall-clock time: 0.02s
./tests/generated/generic_10_0_10_True_5/t10.c
Sun Jan 31 14:17:09 IST 2021
Number of complete executions explored: 0
Number of blocked executions seen: 3888
Total wall-clock time: 0.27s
./tests/generated/generic_10_0_10_True_5/t11.c
Sun Jan 31 14:17:09 IST 2021
Number of complete executions explored: 0
Number of blocked executions seen: 3888
Total wall-clock time: 0.34s
./tests/generated/generic_10_0_10_True_5/t12.c
Sun Jan 31 14:17:09 IST 2021
Number of complete executions explored: 0
Number of blocked executions seen: 1
Total wall-clock time: 0.02s
./tests/generated/generic_10_0_10_True_5/t13.c
Sun Jan 31 14:17:10 IST 2021
Number of complete executions explored: 0
Number of blocked executions seen: 1
Total wall-clock time: 0.01s
./tests/generated/generic_10_0_10_True_5/t1.c
Sun Jan 31 14:17:10 IST 2021
Number of complete executions explored: 0
Number of blocked executions seen: 361542
Total wall-clock time: 31.60s
./tests/generated/generic_10_0_10_True_5/t2.c
Sun Jan 31 14:17:41 IST 2021
Number of complete executions explored: 0
Number of blocked executions seen: 337811
Total wall-clock time: 23.89s
./tests/generated/generic_10_0_10_True_5/t3.c
Sun Jan 31 14:18:05 IST 2021
Number of complete executions explored: 0
Number of blocked executions seen: 167306
Total wall-clock time: 23.43s
./tests/generated/generic_10_0_10_True_5/t4.c
Sun Jan 31 14:18:29 IST 2021
Number of complete executions explored: 0
Number of blocked executions seen: 359438
Total wall-clock time: 31.32s
./tests/generated/generic_10_0_10_True_5/t5.c
Sun Jan 31 14:19:00 IST 2021
Number of complete executions explored: 0
Number of blocked executions seen: 39621
Total wall-clock time: 2.54s
./tests/generated/generic_10_0_10_True_5/t6.c
Sun Jan 31 14:19:03 IST 2021
Number of complete executions explored: 0
Number of blocked executions seen: 39621
Total wall-clock time: 3.00s
./tests/generated/generic_10_0_10_True_5/t7.c
Sun Jan 31 14:19:06 IST 2021
Number of complete executions explored: 0
Number of blocked executions seen: 359702
Total wall-clock time: 72.96s
./tests/generated/generic_10_0_10_True_5/t8.c
Sun Jan 31 14:20:19 IST 2021
Number of complete executions explored: 0
Number of blocked executions seen: 164326
Total wall-clock time: 13.84s
./tests/generated/generic_10_0_10_True_5/t9.c
Sun Jan 31 14:20:33 IST 2021
Number of complete executions explored: 0
Number of blocked executions seen: 342044
Total wall-clock time: 30.79s
./tests/generated/generic_10_2_10_True_5/t0.c
Sun Jan 31 14:21:04 IST 2021
Number of complete executions explored: 1
Total wall-clock time: 0.02s
./tests/generated/generic_10_2_10_True_5/t10.c
Sun Jan 31 14:21:04 IST 2021
Number of complete executions explored: 0
Number of blocked executions seen: 31518
Total wall-clock time: 2.06s
./tests/generated/generic_10_2_10_True_5/t11.c
Sun Jan 31 14:21:06 IST 2021
Number of complete executions explored: 0
Number of blocked executions seen: 39621
Total wall-clock time: 2.35s
./tests/generated/generic_10_2_10_True_5/t12.c
Sun Jan 31 14:21:08 IST 2021
Number of complete executions explored: 0
Number of blocked executions seen: 10802
Total wall-clock time: 0.65s
./tests/generated/generic_10_2_10_True_5/t13.c
Sun Jan 31 14:21:09 IST 2021
Number of complete executions explored: 0
Number of blocked executions seen: 19219
Total wall-clock time: 1.19s
./tests/generated/generic_10_2_10_True_5/t14.c
Sun Jan 31 14:21:10 IST 2021
Number of complete executions explored: 0
Number of blocked executions seen: 271254
Total wall-clock time: 21.47s
./tests/generated/generic_10_2_10_True_5/t15.c
Sun Jan 31 14:21:32 IST 2021
Number of complete executions explored: 0
Number of blocked executions seen: 359438
Total wall-clock time: 38.87s
./tests/generated/generic_10_2_10_True_5/t16.c
Sun Jan 31 14:22:11 IST 2021
Number of complete executions explored: 0
Number of blocked executions seen: 3888
Total wall-clock time: 0.27s
./tests/generated/generic_10_2_10_True_5/t17.c
Sun Jan 31 14:22:11 IST 2021
Number of complete executions explored: 0
Number of blocked executions seen: 1573003
Total wall-clock time: 121.40s
./tests/generated/generic_10_2_10_True_5/t18.c
Sun Jan 31 14:24:12 IST 2021
Number of complete executions explored: 0
Number of blocked executions seen: 3888
Total wall-clock time: 0.35s
./tests/generated/generic_10_2_10_True_5/t19.c
Sun Jan 31 14:24:13 IST 2021
Number of complete executions explored: 0
Number of blocked executions seen: 1
Total wall-clock time: 0.02s
./tests/generated/generic_10_2_10_True_5/t1.c
Sun Jan 31 14:24:13 IST 2021
Number of complete executions explored: 0
Number of blocked executions seen: 361542
Total wall-clock time: 31.45s
./tests/generated/generic_10_2_10_True_5/t2.c
Sun Jan 31 14:24:44 IST 2021
Number of complete executions explored: 0
Number of blocked executions seen: 342044
Total wall-clock time: 31.81s
./tests/generated/generic_10_2_10_True_5/t3.c
Sun Jan 31 14:25:16 IST 2021
Number of complete executions explored: 0
Number of blocked executions seen: 271254
Total wall-clock time: 17.70s
./tests/generated/generic_10_2_10_True_5/t4.c
Sun Jan 31 14:25:34 IST 2021
Number of complete executions explored: 0
Number of blocked executions seen: 337811
Total wall-clock time: 24.09s
./tests/generated/generic_10_2_10_True_5/t5.c
Sun Jan 31 14:25:58 IST 2021
Number of complete executions explored: 0
Number of blocked executions seen: 61000
Total wall-clock time: 5.05s
./tests/generated/generic_10_2_10_True_5/t6.c
Sun Jan 31 14:26:03 IST 2021
Number of complete executions explored: 0
Number of blocked executions seen: 113605
Total wall-clock time: 8.01s
./tests/generated/generic_10_2_10_True_5/t7.c
Sun Jan 31 14:26:11 IST 2021
Number of complete executions explored: 0
Number of blocked executions seen: 257092
Total wall-clock time: 23.15s
./tests/generated/generic_10_2_10_True_5/t8.c
Sun Jan 31 14:26:34 IST 2021
Number of complete executions explored: 0
Number of blocked executions seen: 164326
Total wall-clock time: 12.30s
./tests/generated/generic_10_2_10_True_5/t9.c
Sun Jan 31 14:26:47 IST 2021
Number of complete executions explored: 0
Number of blocked executions seen: 34192
Total wall-clock time: 2.17s
