running generated tests for 
./tests/generated/generic-set_3_0_1_True_2/t1.c
Sat Sep 11 12:15:11 IDT 2021
Number of complete executions explored: 0
Number of blocked executions seen: 1
Total wall-clock time: 0.02s
./tests/generated/generic-set_3_0_1_True_2/t10.c
Sat Sep 11 12:15:11 IDT 2021
Number of complete executions explored: 0
Number of blocked executions seen: 6978
Total wall-clock time: 1.35s
./tests/generated/generic-set_3_0_1_True_2/t100.c
Sat Sep 11 12:15:12 IDT 2021
Number of complete executions explored: 0
Number of blocked executions seen: 250
Total wall-clock time: 0.07s
./tests/generated/generic-set_3_0_1_True_2/t101.c
Sat Sep 11 12:15:13 IDT 2021
Number of complete executions explored: 0
Number of blocked executions seen: 101324
Total wall-clock time: 52.90s
./tests/generated/generic-set_3_0_1_True_2/t102.c
Sat Sep 11 12:16:05 IDT 2021
Number of complete executions explored: 0
Number of blocked executions seen: 34770
Total wall-clock time: 9.11s
./tests/generated/generic-set_3_0_1_True_2/t103.c
Sat Sep 11 12:16:15 IDT 2021
Number of complete executions explored: 0
Number of blocked executions seen: 662
Total wall-clock time: 0.27s
./tests/generated/generic-set_3_0_1_True_2/t104.c
Sat Sep 11 12:16:15 IDT 2021
Number of complete executions explored: 0
Number of blocked executions seen: 2458
Total wall-clock time: 0.53s
./tests/generated/generic-set_3_0_1_True_2/t105.c
Sat Sep 11 12:16:15 IDT 2021
Number of complete executions explored: 0
Number of blocked executions seen: 570
Total wall-clock time: 0.24s
./tests/generated/generic-set_3_0_1_True_2/t106.c
Sat Sep 11 12:16:16 IDT 2021
Number of complete executions explored: 0
Number of blocked executions seen: 607
Total wall-clock time: 0.26s
./tests/generated/generic-set_3_0_1_True_2/t107.c
Sat Sep 11 12:16:16 IDT 2021
Number of complete executions explored: 0
Number of blocked executions seen: 5991
Total wall-clock time: 1.63s
./tests/generated/generic-set_3_0_1_True_2/t108.c
Sat Sep 11 12:16:18 IDT 2021
Number of complete executions explored: 0
Number of blocked executions seen: 390
Total wall-clock time: 0.14s
./tests/generated/generic-set_3_0_1_True_2/t109.c
Sat Sep 11 12:16:18 IDT 2021
Number of complete executions explored: 0
Number of blocked executions seen: 24195
Total wall-clock time: 6.35s
./tests/generated/generic-set_3_0_1_True_2/t11.c
Sat Sep 11 12:16:24 IDT 2021
Number of complete executions explored: 0
Number of blocked executions seen: 1
Total wall-clock time: 0.02s
./tests/generated/generic-set_3_0_1_True_2/t110.c
Sat Sep 11 12:16:24 IDT 2021
Number of complete executions explored: 0
Number of blocked executions seen: 430
Total wall-clock time: 0.16s
./tests/generated/generic-set_3_0_1_True_2/t111.c
Sat Sep 11 12:16:24 IDT 2021
Number of complete executions explored: 0
Number of blocked executions seen: 1524
Total wall-clock time: 0.47s
./tests/generated/generic-set_3_0_1_True_2/t112.c
Sat Sep 11 12:16:25 IDT 2021
Number of complete executions explored: 0
Number of blocked executions seen: 12068
Total wall-clock time: 3.99s
./tests/generated/generic-set_3_0_1_True_2/t113.c
Sat Sep 11 12:16:29 IDT 2021
Number of complete executions explored: 0
Number of blocked executions seen: 18412
Total wall-clock time: 5.49s
./tests/generated/generic-set_3_0_1_True_2/t114.c
Sat Sep 11 12:16:34 IDT 2021
Number of complete executions explored: 0
Number of blocked executions seen: 2205
Total wall-clock time: 0.48s
./tests/generated/generic-set_3_0_1_True_2/t115.c
Sat Sep 11 12:16:35 IDT 2021
Number of complete executions explored: 0
Number of blocked executions seen: 5657411
Total wall-clock time: 2412.70s
./tests/generated/generic-set_3_0_1_True_2/t116.c
Sat Sep 11 12:56:48 IDT 2021
Number of complete executions explored: 0
Number of blocked executions seen: 1398
Total wall-clock time: 0.77s
./tests/generated/generic-set_3_0_1_True_2/t117.c
Sat Sep 11 12:56:48 IDT 2021
Number of complete executions explored: 0
Number of blocked executions seen: 22157
Total wall-clock time: 13.18s
./tests/generated/generic-set_3_0_1_True_2/t118.c
Sat Sep 11 12:57:02 IDT 2021
Number of complete executions explored: 0
Number of blocked executions seen: 157544
Total wall-clock time: 87.62s
./tests/generated/generic-set_3_0_1_True_2/t119.c
Sat Sep 11 12:58:29 IDT 2021
Number of complete executions explored: 0
Number of blocked executions seen: 77140
Total wall-clock time: 42.53s
./tests/generated/generic-set_3_0_1_True_2/t12.c
Sat Sep 11 12:59:12 IDT 2021
Number of complete executions explored: 0
Number of blocked executions seen: 890
Total wall-clock time: 0.49s
./tests/generated/generic-set_3_0_1_True_2/t120.c
Sat Sep 11 12:59:12 IDT 2021
Number of complete executions explored: 0
Number of blocked executions seen: 12868
Total wall-clock time: 5.55s
./tests/generated/generic-set_3_0_1_True_2/t121.c
Sat Sep 11 12:59:18 IDT 2021
Number of complete executions explored: 0
Number of blocked executions seen: 34877
Total wall-clock time: 16.66s
./tests/generated/generic-set_3_0_1_True_2/t122.c
Sat Sep 11 12:59:35 IDT 2021
Number of complete executions explored: 0
Number of blocked executions seen: 11847
Total wall-clock time: 5.23s
./tests/generated/generic-set_3_0_1_True_2/t123.c
Sat Sep 11 12:59:40 IDT 2021
Number of complete executions explored: 0
Number of blocked executions seen: 1
Total wall-clock time: 0.03s
./tests/generated/generic-set_3_0_1_True_2/t124.c
Sat Sep 11 12:59:40 IDT 2021
Number of complete executions explored: 0
Number of blocked executions seen: 1485
Total wall-clock time: 0.71s
./tests/generated/generic-set_3_0_1_True_2/t125.c
Sat Sep 11 12:59:41 IDT 2021
Number of complete executions explored: 0
Number of blocked executions seen: 55377
Total wall-clock time: 24.75s
./tests/generated/generic-set_3_0_1_True_2/t126.c
Sat Sep 11 13:00:05 IDT 2021
Number of complete executions explored: 0
Number of blocked executions seen: 70226
Total wall-clock time: 37.55s
./tests/generated/generic-set_3_0_1_True_2/t127.c
Sat Sep 11 13:00:43 IDT 2021
Number of complete executions explored: 0
Number of blocked executions seen: 23761
Total wall-clock time: 10.55s
./tests/generated/generic-set_3_0_1_True_2/t128.c
Sat Sep 11 13:00:54 IDT 2021
Number of complete executions explored: 0
Number of blocked executions seen: 585259
Total wall-clock time: 279.70s
./tests/generated/generic-set_3_0_1_True_2/t129.c
Sat Sep 11 13:05:33 IDT 2021
Number of complete executions explored: 0
Number of blocked executions seen: 3170
Total wall-clock time: 1.73s
./tests/generated/generic-set_3_0_1_True_2/t13.c
Sat Sep 11 13:05:35 IDT 2021
Number of complete executions explored: 0
Number of blocked executions seen: 24
Total wall-clock time: 0.05s
./tests/generated/generic-set_3_0_1_True_2/t130.c
Sat Sep 11 13:05:35 IDT 2021
Number of complete executions explored: 0
Number of blocked executions seen: 47335
Total wall-clock time: 26.37s
./tests/generated/generic-set_3_0_1_True_2/t131.c
Sat Sep 11 13:06:02 IDT 2021
Number of complete executions explored: 0
Number of blocked executions seen: 103758
Total wall-clock time: 57.20s
./tests/generated/generic-set_3_0_1_True_2/t132.c
Sat Sep 11 13:06:59 IDT 2021
Number of complete executions explored: 0
Number of blocked executions seen: 404
Total wall-clock time: 0.27s
./tests/generated/generic-set_3_0_1_True_2/t133.c
Sat Sep 11 13:06:59 IDT 2021
Number of complete executions explored: 0
Number of blocked executions seen: 232
Total wall-clock time: 0.14s
./tests/generated/generic-set_3_0_1_True_2/t134.c
Sat Sep 11 13:06:59 IDT 2021
Number of complete executions explored: 0
Number of blocked executions seen: 20607
Total wall-clock time: 10.30s
./tests/generated/generic-set_3_0_1_True_2/t135.c
Sat Sep 11 13:07:10 IDT 2021
Number of complete executions explored: 0
Number of blocked executions seen: 822
Total wall-clock time: 0.43s
./tests/generated/generic-set_3_0_1_True_2/t136.c
Sat Sep 11 13:07:10 IDT 2021
Number of complete executions explored: 0
Number of blocked executions seen: 63451
Total wall-clock time: 29.05s
./tests/generated/generic-set_3_0_1_True_2/t137.c
Sat Sep 11 13:07:39 IDT 2021
Number of complete executions explored: 0
Number of blocked executions seen: 140916
Total wall-clock time: 84.23s
./tests/generated/generic-set_3_0_1_True_2/t138.c
Sat Sep 11 13:09:04 IDT 2021
Number of complete executions explored: 0
Number of blocked executions seen: 12121
Total wall-clock time: 4.91s
./tests/generated/generic-set_3_0_1_True_2/t139.c
Sat Sep 11 13:09:08 IDT 2021
Number of complete executions explored: 0
Number of blocked executions seen: 1971
Total wall-clock time: 0.95s
./tests/generated/generic-set_3_0_1_True_2/t14.c
Sat Sep 11 13:09:09 IDT 2021
Number of complete executions explored: 0
Number of blocked executions seen: 102
Total wall-clock time: 0.07s
./tests/generated/generic-set_3_0_1_True_2/t140.c
Sat Sep 11 13:09:10 IDT 2021
Number of complete executions explored: 0
Number of blocked executions seen: 1118
Total wall-clock time: 0.34s
./tests/generated/generic-set_3_0_1_True_2/t141.c
Sat Sep 11 13:09:10 IDT 2021
Number of complete executions explored: 0
Number of blocked executions seen: 13105
Total wall-clock time: 5.46s
./tests/generated/generic-set_3_0_1_True_2/t142.c
Sat Sep 11 13:09:15 IDT 2021
Number of complete executions explored: 0
Number of blocked executions seen: 32110
Total wall-clock time: 14.48s
./tests/generated/generic-set_3_0_1_True_2/t143.c
Sat Sep 11 13:09:30 IDT 2021
Number of complete executions explored: 0
Number of blocked executions seen: 107237
Total wall-clock time: 51.40s
./tests/generated/generic-set_3_0_1_True_2/t144.c
Sat Sep 11 13:10:21 IDT 2021
Number of complete executions explored: 0
Number of blocked executions seen: 15369
Total wall-clock time: 7.34s
./tests/generated/generic-set_3_0_1_True_2/t145.c
Sat Sep 11 13:10:29 IDT 2021
Number of complete executions explored: 0
Number of blocked executions seen: 297
Total wall-clock time: 0.16s
./tests/generated/generic-set_3_0_1_True_2/t146.c
Sat Sep 11 13:10:29 IDT 2021
Number of complete executions explored: 0
Number of blocked executions seen: 1819930
Total wall-clock time: 1247.73s
./tests/generated/generic-set_3_0_1_True_2/t147.c
Sat Sep 11 13:31:17 IDT 2021
Number of complete executions explored: 0
Number of blocked executions seen: 10184
Total wall-clock time: 6.17s
./tests/generated/generic-set_3_0_1_True_2/t148.c
Sat Sep 11 13:31:23 IDT 2021
Number of complete executions explored: 0
Number of blocked executions seen: 3700
Total wall-clock time: 1.29s
./tests/generated/generic-set_3_0_1_True_2/t149.c
Sat Sep 11 13:31:24 IDT 2021
Number of complete executions explored: 0
Number of blocked executions seen: 110185
Total wall-clock time: 53.42s
./tests/generated/generic-set_3_0_1_True_2/t15.c
Sat Sep 11 13:32:18 IDT 2021
Number of complete executions explored: 0
Number of blocked executions seen: 102
Total wall-clock time: 0.06s
./tests/generated/generic-set_3_0_1_True_2/t150.c
Sat Sep 11 13:32:18 IDT 2021
Number of complete executions explored: 0
Number of blocked executions seen: 6467
Total wall-clock time: 1.98s
./tests/generated/generic-set_3_0_1_True_2/t151.c
Sat Sep 11 13:32:20 IDT 2021
Number of complete executions explored: 0
Number of blocked executions seen: 14147
Total wall-clock time: 6.22s
./tests/generated/generic-set_3_0_1_True_2/t152.c
Sat Sep 11 13:32:26 IDT 2021
./tests/generated/generic-set_3_0_1_True_2/t153.c
Sat Sep 11 14:32:26 IDT 2021
Number of complete executions explored: 0
Number of blocked executions seen: 331
Total wall-clock time: 0.12s
./tests/generated/generic-set_3_0_1_True_2/t154.c
Sat Sep 11 14:32:26 IDT 2021
Number of complete executions explored: 0
Number of blocked executions seen: 156068
Total wall-clock time: 56.45s
./tests/generated/generic-set_3_0_1_True_2/t155.c
Sat Sep 11 14:33:23 IDT 2021
Number of complete executions explored: 0
Number of blocked executions seen: 8307
Total wall-clock time: 3.34s
./tests/generated/generic-set_3_0_1_True_2/t156.c
Sat Sep 11 14:33:26 IDT 2021
Number of complete executions explored: 0
Number of blocked executions seen: 16473
Total wall-clock time: 5.45s
./tests/generated/generic-set_3_0_1_True_2/t157.c
Sat Sep 11 14:33:31 IDT 2021
Number of complete executions explored: 0
Number of blocked executions seen: 11226
Total wall-clock time: 3.85s
./tests/generated/generic-set_3_0_1_True_2/t158.c
Sat Sep 11 14:33:35 IDT 2021
Number of complete executions explored: 0
Number of blocked executions seen: 2014
Total wall-clock time: 0.76s
./tests/generated/generic-set_3_0_1_True_2/t159.c
Sat Sep 11 14:33:36 IDT 2021
Number of complete executions explored: 0
Number of blocked executions seen: 215196
Total wall-clock time: 98.23s
./tests/generated/generic-set_3_0_1_True_2/t16.c
Sat Sep 11 14:35:14 IDT 2021
Number of complete executions explored: 0
Number of blocked executions seen: 24
Total wall-clock time: 0.03s
./tests/generated/generic-set_3_0_1_True_2/t160.c
Sat Sep 11 14:35:14 IDT 2021
Number of complete executions explored: 0
Number of blocked executions seen: 2350901
Total wall-clock time: 1117.50s
./tests/generated/generic-set_3_0_1_True_2/t161.c
Sat Sep 11 14:53:52 IDT 2021
Number of complete executions explored: 0
Number of blocked executions seen: 114
Total wall-clock time: 0.05s
./tests/generated/generic-set_3_0_1_True_2/t162.c
Sat Sep 11 14:53:52 IDT 2021
Number of complete executions explored: 0
Number of blocked executions seen: 150594
Total wall-clock time: 59.91s
./tests/generated/generic-set_3_0_1_True_2/t163.c
Sat Sep 11 14:54:52 IDT 2021
Number of complete executions explored: 0
Number of blocked executions seen: 274
Total wall-clock time: 0.12s
./tests/generated/generic-set_3_0_1_True_2/t164.c
Sat Sep 11 14:54:52 IDT 2021
Number of complete executions explored: 0
Number of blocked executions seen: 1298
Total wall-clock time: 0.67s
./tests/generated/generic-set_3_0_1_True_2/t165.c
Sat Sep 11 14:54:53 IDT 2021
Number of complete executions explored: 0
Number of blocked executions seen: 494
Total wall-clock time: 0.20s
./tests/generated/generic-set_3_0_1_True_2/t166.c
Sat Sep 11 14:54:53 IDT 2021
Number of complete executions explored: 0
Number of blocked executions seen: 2012
Total wall-clock time: 0.57s
./tests/generated/generic-set_3_0_1_True_2/t167.c
Sat Sep 11 14:54:54 IDT 2021
Number of complete executions explored: 0
Number of blocked executions seen: 1352
Total wall-clock time: 0.53s
./tests/generated/generic-set_3_0_1_True_2/t168.c
Sat Sep 11 14:54:54 IDT 2021
Number of complete executions explored: 0
Number of blocked executions seen: 549
Total wall-clock time: 0.23s
./tests/generated/generic-set_3_0_1_True_2/t169.c
Sat Sep 11 14:54:54 IDT 2021
Number of complete executions explored: 0
Number of blocked executions seen: 13621
Total wall-clock time: 4.93s
./tests/generated/generic-set_3_0_1_True_2/t17.c
Sat Sep 11 14:54:59 IDT 2021
Number of complete executions explored: 0
Number of blocked executions seen: 82065
Total wall-clock time: 27.36s
./tests/generated/generic-set_3_0_1_True_2/t170.c
Sat Sep 11 14:55:27 IDT 2021
Number of complete executions explored: 0
Number of blocked executions seen: 5505
Total wall-clock time: 2.18s
./tests/generated/generic-set_3_0_1_True_2/t171.c
Sat Sep 11 14:55:29 IDT 2021
Number of complete executions explored: 0
Number of blocked executions seen: 942
Total wall-clock time: 0.40s
./tests/generated/generic-set_3_0_1_True_2/t172.c
Sat Sep 11 14:55:29 IDT 2021
Number of complete executions explored: 0
Number of blocked executions seen: 2127410
Total wall-clock time: 1324.13s
./tests/generated/generic-set_3_0_1_True_2/t173.c
Sat Sep 11 15:17:34 IDT 2021
Number of complete executions explored: 0
Number of blocked executions seen: 2256
Total wall-clock time: 1.78s
./tests/generated/generic-set_3_0_1_True_2/t174.c
Sat Sep 11 15:17:35 IDT 2021
Number of complete executions explored: 0
Number of blocked executions seen: 42
Total wall-clock time: 0.07s
./tests/generated/generic-set_3_0_1_True_2/t175.c
Sat Sep 11 15:17:36 IDT 2021
Number of complete executions explored: 0
Number of blocked executions seen: 13022
Total wall-clock time: 4.73s
./tests/generated/generic-set_3_0_1_True_2/t176.c
Sat Sep 11 15:17:40 IDT 2021
Number of complete executions explored: 0
Number of blocked executions seen: 14096
Total wall-clock time: 8.62s
./tests/generated/generic-set_3_0_1_True_2/t177.c
Sat Sep 11 15:17:49 IDT 2021
Number of complete executions explored: 0
Number of blocked executions seen: 125
Total wall-clock time: 0.08s
./tests/generated/generic-set_3_0_1_True_2/t178.c
Sat Sep 11 15:17:49 IDT 2021
Number of complete executions explored: 0
Number of blocked executions seen: 44
Total wall-clock time: 0.08s
./tests/generated/generic-set_3_0_1_True_2/t179.c
Sat Sep 11 15:17:49 IDT 2021
Number of complete executions explored: 0
Number of blocked executions seen: 2291
Total wall-clock time: 1.45s
./tests/generated/generic-set_3_0_1_True_2/t18.c
Sat Sep 11 15:17:51 IDT 2021
Number of complete executions explored: 0
Number of blocked executions seen: 7703
Total wall-clock time: 5.15s
./tests/generated/generic-set_3_0_1_True_2/t180.c
Sat Sep 11 15:17:56 IDT 2021
Number of complete executions explored: 0
Number of blocked executions seen: 2291
Total wall-clock time: 1.29s
./tests/generated/generic-set_3_0_1_True_2/t181.c
Sat Sep 11 15:17:57 IDT 2021
Number of complete executions explored: 0
Number of blocked executions seen: 1598
Total wall-clock time: 0.74s
./tests/generated/generic-set_3_0_1_True_2/t182.c
Sat Sep 11 15:17:58 IDT 2021
Number of complete executions explored: 0
Number of blocked executions seen: 13557
Total wall-clock time: 9.31s
./tests/generated/generic-set_3_0_1_True_2/t183.c
Sat Sep 11 15:18:07 IDT 2021
Number of complete executions explored: 0
Number of blocked executions seen: 1946
Total wall-clock time: 1.07s
./tests/generated/generic-set_3_0_1_True_2/t184.c
Sat Sep 11 15:18:08 IDT 2021
Number of complete executions explored: 0
Number of blocked executions seen: 274
Total wall-clock time: 0.17s
./tests/generated/generic-set_3_0_1_True_2/t19.c
Sat Sep 11 15:18:09 IDT 2021
Number of complete executions explored: 0
Number of blocked executions seen: 43
Total wall-clock time: 0.06s
./tests/generated/generic-set_3_0_1_True_2/t2.c
Sat Sep 11 15:18:09 IDT 2021
Number of complete executions explored: 0
Number of blocked executions seen: 24
Total wall-clock time: 0.05s
./tests/generated/generic-set_3_0_1_True_2/t20.c
Sat Sep 11 15:18:09 IDT 2021
Number of complete executions explored: 0
Number of blocked executions seen: 11
Total wall-clock time: 0.04s
./tests/generated/generic-set_3_0_1_True_2/t21.c
Sat Sep 11 15:18:09 IDT 2021
Number of complete executions explored: 0
Number of blocked executions seen: 43
Total wall-clock time: 0.05s
./tests/generated/generic-set_3_0_1_True_2/t22.c
Sat Sep 11 15:18:09 IDT 2021
Number of complete executions explored: 0
Number of blocked executions seen: 223
Total wall-clock time: 0.13s
./tests/generated/generic-set_3_0_1_True_2/t23.c
Sat Sep 11 15:18:09 IDT 2021
Number of complete executions explored: 0
Number of blocked executions seen: 223
Total wall-clock time: 0.14s
./tests/generated/generic-set_3_0_1_True_2/t24.c
Sat Sep 11 15:18:09 IDT 2021
Number of complete executions explored: 0
Number of blocked executions seen: 148
Total wall-clock time: 0.11s
./tests/generated/generic-set_3_0_1_True_2/t25.c
Sat Sep 11 15:18:09 IDT 2021
Number of complete executions explored: 0
Number of blocked executions seen: 231890
Total wall-clock time: 190.85s
./tests/generated/generic-set_3_0_1_True_2/t26.c
Sat Sep 11 15:21:20 IDT 2021
Number of complete executions explored: 0
Number of blocked executions seen: 148
Total wall-clock time: 0.11s
./tests/generated/generic-set_3_0_1_True_2/t27.c
Sat Sep 11 15:21:21 IDT 2021
Number of complete executions explored: 0
Number of blocked executions seen: 231
Total wall-clock time: 0.14s
./tests/generated/generic-set_3_0_1_True_2/t28.c
Sat Sep 11 15:21:21 IDT 2021
Number of complete executions explored: 0
Number of blocked executions seen: 231
Total wall-clock time: 0.14s
./tests/generated/generic-set_3_0_1_True_2/t29.c
Sat Sep 11 15:21:21 IDT 2021
Number of complete executions explored: 0
Number of blocked executions seen: 1
Total wall-clock time: 0.04s
./tests/generated/generic-set_3_0_1_True_2/t3.c
Sat Sep 11 15:21:21 IDT 2021
Number of complete executions explored: 0
Number of blocked executions seen: 1823718
Total wall-clock time: 1328.80s
./tests/generated/generic-set_3_0_1_True_2/t30.c
Sat Sep 11 15:43:30 IDT 2021
Number of complete executions explored: 0
Number of blocked executions seen: 231
Total wall-clock time: 0.15s
./tests/generated/generic-set_3_0_1_True_2/t31.c
Sat Sep 11 15:43:30 IDT 2021
Number of complete executions explored: 0
Number of blocked executions seen: 581
Total wall-clock time: 0.37s
./tests/generated/generic-set_3_0_1_True_2/t32.c
Sat Sep 11 15:43:30 IDT 2021
Number of complete executions explored: 0
Number of blocked executions seen: 1526
Total wall-clock time: 1.17s
./tests/generated/generic-set_3_0_1_True_2/t33.c
Sat Sep 11 15:43:32 IDT 2021
Number of complete executions explored: 0
Number of blocked executions seen: 4785
Total wall-clock time: 2.43s
./tests/generated/generic-set_3_0_1_True_2/t34.c
Sat Sep 11 15:43:34 IDT 2021
Number of complete executions explored: 0
Number of blocked executions seen: 11
Total wall-clock time: 0.04s
./tests/generated/generic-set_3_0_1_True_2/t35.c
Sat Sep 11 15:43:34 IDT 2021
Number of complete executions explored: 0
Number of blocked executions seen: 1882
Total wall-clock time: 0.73s
./tests/generated/generic-set_3_0_1_True_2/t36.c
Sat Sep 11 15:43:35 IDT 2021
Number of complete executions explored: 0
Number of blocked executions seen: 27329
Total wall-clock time: 18.44s
./tests/generated/generic-set_3_0_1_True_2/t37.c
Sat Sep 11 15:43:53 IDT 2021
Number of complete executions explored: 0
Number of blocked executions seen: 4266467
Total wall-clock time: 2782.13s
./tests/generated/generic-set_3_0_1_True_2/t38.c
Sat Sep 11 16:30:16 IDT 2021
Number of complete executions explored: 0
Number of blocked executions seen: 61543
Total wall-clock time: 23.48s
./tests/generated/generic-set_3_0_1_True_2/t39.c
Sat Sep 11 16:30:39 IDT 2021
Number of complete executions explored: 0
Number of blocked executions seen: 102
Total wall-clock time: 0.05s
./tests/generated/generic-set_3_0_1_True_2/t4.c
Sat Sep 11 16:30:39 IDT 2021
Number of complete executions explored: 0
Number of blocked executions seen: 2
Total wall-clock time: 0.02s
./tests/generated/generic-set_3_0_1_True_2/t40.c
Sat Sep 11 16:30:39 IDT 2021
Number of complete executions explored: 0
Number of blocked executions seen: 11
Total wall-clock time: 0.02s
./tests/generated/generic-set_3_0_1_True_2/t41.c
Sat Sep 11 16:30:39 IDT 2021
Number of complete executions explored: 0
Number of blocked executions seen: 44
Total wall-clock time: 0.03s
./tests/generated/generic-set_3_0_1_True_2/t42.c
Sat Sep 11 16:30:39 IDT 2021
Number of complete executions explored: 0
Number of blocked executions seen: 9822
Total wall-clock time: 3.62s
./tests/generated/generic-set_3_0_1_True_2/t43.c
Sat Sep 11 16:30:43 IDT 2021
Number of complete executions explored: 0
Number of blocked executions seen: 223
Total wall-clock time: 0.09s
./tests/generated/generic-set_3_0_1_True_2/t44.c
Sat Sep 11 16:30:43 IDT 2021
Number of complete executions explored: 0
Number of blocked executions seen: 90525
Total wall-clock time: 41.56s
./tests/generated/generic-set_3_0_1_True_2/t45.c
Sat Sep 11 16:31:25 IDT 2021
Number of complete executions explored: 0
Number of blocked executions seen: 618
Total wall-clock time: 0.33s
./tests/generated/generic-set_3_0_1_True_2/t46.c
Sat Sep 11 16:31:25 IDT 2021
Number of complete executions explored: 0
Number of blocked executions seen: 714
Total wall-clock time: 0.29s
./tests/generated/generic-set_3_0_1_True_2/t47.c
Sat Sep 11 16:31:25 IDT 2021
Number of complete executions explored: 0
Number of blocked executions seen: 14388
Total wall-clock time: 4.61s
./tests/generated/generic-set_3_0_1_True_2/t48.c
Sat Sep 11 16:31:30 IDT 2021
Number of complete executions explored: 0
Number of blocked executions seen: 44
Total wall-clock time: 0.03s
./tests/generated/generic-set_3_0_1_True_2/t49.c
Sat Sep 11 16:31:30 IDT 2021
Number of complete executions explored: 0
Number of blocked executions seen: 10628
Total wall-clock time: 4.02s
./tests/generated/generic-set_3_0_1_True_2/t5.c
Sat Sep 11 16:31:34 IDT 2021
Number of complete executions explored: 0
Number of blocked executions seen: 42
Total wall-clock time: 0.04s
./tests/generated/generic-set_3_0_1_True_2/t50.c
Sat Sep 11 16:31:34 IDT 2021
Number of complete executions explored: 0
Number of blocked executions seen: 44
Total wall-clock time: 0.04s
./tests/generated/generic-set_3_0_1_True_2/t51.c
Sat Sep 11 16:31:34 IDT 2021
Number of complete executions explored: 0
Number of blocked executions seen: 544794
Total wall-clock time: 251.14s
./tests/generated/generic-set_3_0_1_True_2/t52.c
Sat Sep 11 16:35:46 IDT 2021
Number of complete executions explored: 0
Number of blocked executions seen: 369621
Total wall-clock time: 180.70s
./tests/generated/generic-set_3_0_1_True_2/t53.c
Sat Sep 11 16:38:46 IDT 2021
Number of complete executions explored: 0
Number of blocked executions seen: 2349
Total wall-clock time: 0.56s
./tests/generated/generic-set_3_0_1_True_2/t54.c
Sat Sep 11 16:38:47 IDT 2021
Number of complete executions explored: 0
Number of blocked executions seen: 1762
Total wall-clock time: 0.79s
./tests/generated/generic-set_3_0_1_True_2/t55.c
Sat Sep 11 16:38:48 IDT 2021
Number of complete executions explored: 0
Number of blocked executions seen: 19605
Total wall-clock time: 8.20s
./tests/generated/generic-set_3_0_1_True_2/t56.c
Sat Sep 11 16:38:56 IDT 2021
Number of complete executions explored: 0
Number of blocked executions seen: 13337
Total wall-clock time: 5.66s
./tests/generated/generic-set_3_0_1_True_2/t57.c
Sat Sep 11 16:39:02 IDT 2021
Number of complete executions explored: 0
Number of blocked executions seen: 8431
Total wall-clock time: 2.67s
./tests/generated/generic-set_3_0_1_True_2/t58.c
Sat Sep 11 16:39:04 IDT 2021
Number of complete executions explored: 0
Number of blocked executions seen: 1211
Total wall-clock time: 0.34s
./tests/generated/generic-set_3_0_1_True_2/t59.c
Sat Sep 11 16:39:05 IDT 2021
Number of complete executions explored: 0
Number of blocked executions seen: 2488
Total wall-clock time: 0.93s
./tests/generated/generic-set_3_0_1_True_2/t6.c
Sat Sep 11 16:39:06 IDT 2021
Number of complete executions explored: 0
Number of blocked executions seen: 148
Total wall-clock time: 0.06s
./tests/generated/generic-set_3_0_1_True_2/t60.c
Sat Sep 11 16:39:06 IDT 2021
Number of complete executions explored: 0
Number of blocked executions seen: 13900
Total wall-clock time: 5.76s
./tests/generated/generic-set_3_0_1_True_2/t61.c
Sat Sep 11 16:39:11 IDT 2021
Number of complete executions explored: 0
Number of blocked executions seen: 6143
Total wall-clock time: 1.38s
./tests/generated/generic-set_3_0_1_True_2/t62.c
Sat Sep 11 16:39:13 IDT 2021
Number of complete executions explored: 0
Number of blocked executions seen: 1514800
Total wall-clock time: 521.60s
./tests/generated/generic-set_3_0_1_True_2/t63.c
Sat Sep 11 16:47:54 IDT 2021
Number of complete executions explored: 0
Number of blocked executions seen: 35096
Total wall-clock time: 13.92s
./tests/generated/generic-set_3_0_1_True_2/t64.c
Sat Sep 11 16:48:08 IDT 2021
Number of complete executions explored: 0
Number of blocked executions seen: 158828
Total wall-clock time: 55.45s
./tests/generated/generic-set_3_0_1_True_2/t65.c
Sat Sep 11 16:49:04 IDT 2021
Number of complete executions explored: 0
Number of blocked executions seen: 448
Total wall-clock time: 0.18s
./tests/generated/generic-set_3_0_1_True_2/t66.c
Sat Sep 11 16:49:04 IDT 2021
Number of complete executions explored: 0
Number of blocked executions seen: 107524
Total wall-clock time: 44.96s
./tests/generated/generic-set_3_0_1_True_2/t67.c
Sat Sep 11 16:49:49 IDT 2021
Number of complete executions explored: 0
Number of blocked executions seen: 9525
Total wall-clock time: 4.01s
./tests/generated/generic-set_3_0_1_True_2/t68.c
Sat Sep 11 16:49:53 IDT 2021
Number of complete executions explored: 0
Number of blocked executions seen: 4295
Total wall-clock time: 1.48s
./tests/generated/generic-set_3_0_1_True_2/t69.c
Sat Sep 11 16:49:55 IDT 2021
Number of complete executions explored: 0
Number of blocked executions seen: 1157
Total wall-clock time: 0.39s
./tests/generated/generic-set_3_0_1_True_2/t7.c
Sat Sep 11 16:49:55 IDT 2021
Number of complete executions explored: 0
Number of blocked executions seen: 1
Total wall-clock time: 0.02s
./tests/generated/generic-set_3_0_1_True_2/t70.c
Sat Sep 11 16:49:55 IDT 2021
Number of complete executions explored: 0
Number of blocked executions seen: 1908
Total wall-clock time: 0.68s
./tests/generated/generic-set_3_0_1_True_2/t71.c
Sat Sep 11 16:49:56 IDT 2021
Number of complete executions explored: 0
Number of blocked executions seen: 3460
Total wall-clock time: 1.24s
./tests/generated/generic-set_3_0_1_True_2/t72.c
Sat Sep 11 16:49:57 IDT 2021
Number of complete executions explored: 0
Number of blocked executions seen: 20285
Total wall-clock time: 7.55s
./tests/generated/generic-set_3_0_1_True_2/t73.c
Sat Sep 11 16:50:05 IDT 2021
Number of complete executions explored: 0
Number of blocked executions seen: 9386
Total wall-clock time: 3.36s
./tests/generated/generic-set_3_0_1_True_2/t74.c
Sat Sep 11 16:50:08 IDT 2021
Number of complete executions explored: 0
Number of blocked executions seen: 9107
Total wall-clock time: 2.60s
./tests/generated/generic-set_3_0_1_True_2/t75.c
Sat Sep 11 16:50:11 IDT 2021
Number of complete executions explored: 0
Number of blocked executions seen: 38336
Total wall-clock time: 12.20s
./tests/generated/generic-set_3_0_1_True_2/t76.c
Sat Sep 11 16:50:23 IDT 2021
Number of complete executions explored: 0
Number of blocked executions seen: 68731
Total wall-clock time: 40.01s
./tests/generated/generic-set_3_0_1_True_2/t77.c
Sat Sep 11 16:51:03 IDT 2021
Number of complete executions explored: 0
Number of blocked executions seen: 2635413
Total wall-clock time: 2072.70s
./tests/generated/generic-set_3_0_1_True_2/t78.c
Sat Sep 11 17:25:36 IDT 2021
Number of complete executions explored: 0
Number of blocked executions seen: 9975
Total wall-clock time: 6.29s
./tests/generated/generic-set_3_0_1_True_2/t79.c
Sat Sep 11 17:25:42 IDT 2021
Number of complete executions explored: 0
Number of blocked executions seen: 104741
Total wall-clock time: 67.31s
./tests/generated/generic-set_3_0_1_True_2/t8.c
Sat Sep 11 17:26:49 IDT 2021
Number of complete executions explored: 0
Number of blocked executions seen: 1
Total wall-clock time: 0.04s
./tests/generated/generic-set_3_0_1_True_2/t80.c
Sat Sep 11 17:26:49 IDT 2021
Number of complete executions explored: 0
Number of blocked executions seen: 1
Total wall-clock time: 0.04s
./tests/generated/generic-set_3_0_1_True_2/t81.c
Sat Sep 11 17:26:49 IDT 2021
Number of complete executions explored: 0
Number of blocked executions seen: 629
Total wall-clock time: 0.37s
./tests/generated/generic-set_3_0_1_True_2/t82.c
Sat Sep 11 17:26:50 IDT 2021
Number of complete executions explored: 0
Number of blocked executions seen: 7669
Total wall-clock time: 3.90s
./tests/generated/generic-set_3_0_1_True_2/t83.c
Sat Sep 11 17:26:54 IDT 2021
Number of complete executions explored: 0
Number of blocked executions seen: 153825
Total wall-clock time: 113.36s
./tests/generated/generic-set_3_0_1_True_2/t84.c
Sat Sep 11 17:28:47 IDT 2021
Number of complete executions explored: 0
Number of blocked executions seen: 94465
Total wall-clock time: 67.88s
./tests/generated/generic-set_3_0_1_True_2/t85.c
Sat Sep 11 17:29:55 IDT 2021
Number of complete executions explored: 0
Number of blocked executions seen: 49666
Total wall-clock time: 33.38s
./tests/generated/generic-set_3_0_1_True_2/t86.c
Sat Sep 11 17:30:29 IDT 2021
Number of complete executions explored: 0
Number of blocked executions seen: 20071
Total wall-clock time: 12.61s
./tests/generated/generic-set_3_0_1_True_2/t87.c
Sat Sep 11 17:30:41 IDT 2021
Number of complete executions explored: 0
Number of blocked executions seen: 8686
Total wall-clock time: 4.94s
./tests/generated/generic-set_3_0_1_True_2/t88.c
Sat Sep 11 17:30:46 IDT 2021
Number of complete executions explored: 0
Number of blocked executions seen: 114
Total wall-clock time: 0.07s
./tests/generated/generic-set_3_0_1_True_2/t89.c
Sat Sep 11 17:30:46 IDT 2021
Number of complete executions explored: 0
Number of blocked executions seen: 16379
Total wall-clock time: 9.91s
./tests/generated/generic-set_3_0_1_True_2/t9.c
Sat Sep 11 17:30:56 IDT 2021
Number of complete executions explored: 0
Number of blocked executions seen: 43
Total wall-clock time: 0.05s
./tests/generated/generic-set_3_0_1_True_2/t90.c
Sat Sep 11 17:30:56 IDT 2021
Number of complete executions explored: 0
Number of blocked executions seen: 7369
Total wall-clock time: 3.88s
./tests/generated/generic-set_3_0_1_True_2/t91.c
Sat Sep 11 17:31:00 IDT 2021
Number of complete executions explored: 0
Number of blocked executions seen: 18274
Total wall-clock time: 10.97s
./tests/generated/generic-set_3_0_1_True_2/t92.c
Sat Sep 11 17:31:11 IDT 2021
Number of complete executions explored: 0
Number of blocked executions seen: 7331
Total wall-clock time: 5.54s
./tests/generated/generic-set_3_0_1_True_2/t93.c
Sat Sep 11 17:31:17 IDT 2021
Number of complete executions explored: 0
Number of blocked executions seen: 1781
Total wall-clock time: 1.35s
./tests/generated/generic-set_3_0_1_True_2/t94.c
Sat Sep 11 17:31:18 IDT 2021
Number of complete executions explored: 0
Number of blocked executions seen: 803
Total wall-clock time: 0.75s
./tests/generated/generic-set_3_0_1_True_2/t95.c
Sat Sep 11 17:31:19 IDT 2021
Number of complete executions explored: 0
Number of blocked executions seen: 32821
Total wall-clock time: 21.51s
./tests/generated/generic-set_3_0_1_True_2/t96.c
Sat Sep 11 17:31:40 IDT 2021
Number of complete executions explored: 0
Number of blocked executions seen: 3665
Total wall-clock time: 2.00s
./tests/generated/generic-set_3_0_1_True_2/t97.c
Sat Sep 11 17:31:43 IDT 2021
Number of complete executions explored: 0
Number of blocked executions seen: 40983
Total wall-clock time: 27.13s
./tests/generated/generic-set_3_0_1_True_2/t98.c
Sat Sep 11 17:32:10 IDT 2021
Number of complete executions explored: 0
Number of blocked executions seen: 7266
Total wall-clock time: 4.55s
./tests/generated/generic-set_3_0_1_True_2/t99.c
Sat Sep 11 17:32:14 IDT 2021
Number of complete executions explored: 0
Number of blocked executions seen: 816
Total wall-clock time: 0.47s
