running generated tests for 
./tests/generated/generic-set_3_0_1_True_2/t1.c
Sat Sep 11 22:35:37 IDT 2021
Number of complete executions explored: 0
Number of blocked executions seen: 1
Total wall-clock time: 0.02s
./tests/generated/generic-set_3_0_1_True_2/t10.c
Sat Sep 11 22:35:37 IDT 2021
Number of complete executions explored: 0
Number of blocked executions seen: 6715
Total wall-clock time: 1.33s
./tests/generated/generic-set_3_0_1_True_2/t100.c
Sat Sep 11 22:35:38 IDT 2021
Number of complete executions explored: 0
Number of blocked executions seen: 250
Total wall-clock time: 0.07s
./tests/generated/generic-set_3_0_1_True_2/t101.c
Sat Sep 11 22:35:38 IDT 2021
Number of complete executions explored: 0
Number of blocked executions seen: 93049
Total wall-clock time: 51.06s
./tests/generated/generic-set_3_0_1_True_2/t102.c
Sat Sep 11 22:36:29 IDT 2021
Number of complete executions explored: 0
Number of blocked executions seen: 31456
Total wall-clock time: 8.88s
./tests/generated/generic-set_3_0_1_True_2/t103.c
Sat Sep 11 22:36:38 IDT 2021
Number of complete executions explored: 0
Number of blocked executions seen: 598
Total wall-clock time: 0.29s
./tests/generated/generic-set_3_0_1_True_2/t104.c
Sat Sep 11 22:36:38 IDT 2021
Number of complete executions explored: 0
Number of blocked executions seen: 2349
Total wall-clock time: 0.56s
./tests/generated/generic-set_3_0_1_True_2/t105.c
Sat Sep 11 22:36:39 IDT 2021
Number of complete executions explored: 0
Number of blocked executions seen: 501
Total wall-clock time: 0.25s
./tests/generated/generic-set_3_0_1_True_2/t106.c
Sat Sep 11 22:36:39 IDT 2021
Number of complete executions explored: 0
Number of blocked executions seen: 586
Total wall-clock time: 0.27s
./tests/generated/generic-set_3_0_1_True_2/t107.c
Sat Sep 11 22:36:39 IDT 2021
Number of complete executions explored: 0
Number of blocked executions seen: 5789
Total wall-clock time: 1.71s
./tests/generated/generic-set_3_0_1_True_2/t108.c
Sat Sep 11 22:36:41 IDT 2021
Number of complete executions explored: 0
Number of blocked executions seen: 369
Total wall-clock time: 0.13s
./tests/generated/generic-set_3_0_1_True_2/t109.c
Sat Sep 11 22:36:41 IDT 2021
Number of complete executions explored: 0
Number of blocked executions seen: 22172
Total wall-clock time: 6.16s
./tests/generated/generic-set_3_0_1_True_2/t11.c
Sat Sep 11 22:36:47 IDT 2021
Number of complete executions explored: 0
Number of blocked executions seen: 1
Total wall-clock time: 0.02s
./tests/generated/generic-set_3_0_1_True_2/t110.c
Sat Sep 11 22:36:48 IDT 2021
Number of complete executions explored: 0
Number of blocked executions seen: 412
Total wall-clock time: 0.16s
./tests/generated/generic-set_3_0_1_True_2/t111.c
Sat Sep 11 22:36:48 IDT 2021
Number of complete executions explored: 0
Number of blocked executions seen: 1490
Total wall-clock time: 0.50s
./tests/generated/generic-set_3_0_1_True_2/t112.c
Sat Sep 11 22:36:48 IDT 2021
Number of complete executions explored: 0
Number of blocked executions seen: 11538
Total wall-clock time: 3.94s
./tests/generated/generic-set_3_0_1_True_2/t113.c
Sat Sep 11 22:36:52 IDT 2021
Number of complete executions explored: 0
Number of blocked executions seen: 17677
Total wall-clock time: 5.63s
./tests/generated/generic-set_3_0_1_True_2/t114.c
Sat Sep 11 22:36:58 IDT 2021
Number of complete executions explored: 0
Number of blocked executions seen: 2017
Total wall-clock time: 0.46s
./tests/generated/generic-set_3_0_1_True_2/t115.c
Sat Sep 11 22:36:58 IDT 2021
Number of complete executions explored: 0
Number of blocked executions seen: 4954973
Total wall-clock time: 2152.69s
./tests/generated/generic-set_3_0_1_True_2/t116.c
Sat Sep 11 23:12:51 IDT 2021
Number of complete executions explored: 0
Number of blocked executions seen: 1322
Total wall-clock time: 0.38s
./tests/generated/generic-set_3_0_1_True_2/t117.c
Sat Sep 11 23:12:52 IDT 2021
Number of complete executions explored: 0
Number of blocked executions seen: 20632
Total wall-clock time: 9.08s
./tests/generated/generic-set_3_0_1_True_2/t118.c
Sat Sep 11 23:13:01 IDT 2021
Number of complete executions explored: 0
Number of blocked executions seen: 143626
Total wall-clock time: 56.94s
./tests/generated/generic-set_3_0_1_True_2/t119.c
Sat Sep 11 23:13:58 IDT 2021
Number of complete executions explored: 0
Number of blocked executions seen: 71745
Total wall-clock time: 27.80s
./tests/generated/generic-set_3_0_1_True_2/t12.c
Sat Sep 11 23:14:25 IDT 2021
Number of complete executions explored: 0
Number of blocked executions seen: 860
Total wall-clock time: 0.38s
./tests/generated/generic-set_3_0_1_True_2/t120.c
Sat Sep 11 23:14:26 IDT 2021
Number of complete executions explored: 0
Number of blocked executions seen: 12446
Total wall-clock time: 4.35s
./tests/generated/generic-set_3_0_1_True_2/t121.c
Sat Sep 11 23:14:30 IDT 2021
Number of complete executions explored: 0
Number of blocked executions seen: 31605
Total wall-clock time: 11.08s
./tests/generated/generic-set_3_0_1_True_2/t122.c
Sat Sep 11 23:14:41 IDT 2021
Number of complete executions explored: 0
Number of blocked executions seen: 11457
Total wall-clock time: 3.95s
./tests/generated/generic-set_3_0_1_True_2/t123.c
Sat Sep 11 23:14:45 IDT 2021
Number of complete executions explored: 0
Number of blocked executions seen: 1
Total wall-clock time: 0.03s
./tests/generated/generic-set_3_0_1_True_2/t124.c
Sat Sep 11 23:14:45 IDT 2021
Number of complete executions explored: 0
Number of blocked executions seen: 1469
Total wall-clock time: 0.59s
./tests/generated/generic-set_3_0_1_True_2/t125.c
Sat Sep 11 23:14:46 IDT 2021
Number of complete executions explored: 0
Number of blocked executions seen: 50623
Total wall-clock time: 17.00s
./tests/generated/generic-set_3_0_1_True_2/t126.c
Sat Sep 11 23:15:03 IDT 2021
Number of complete executions explored: 0
Number of blocked executions seen: 66297
Total wall-clock time: 25.72s
./tests/generated/generic-set_3_0_1_True_2/t127.c
Sat Sep 11 23:15:29 IDT 2021
Number of complete executions explored: 0
Number of blocked executions seen: 22199
Total wall-clock time: 6.80s
./tests/generated/generic-set_3_0_1_True_2/t128.c
Sat Sep 11 23:15:36 IDT 2021
Number of complete executions explored: 0
Number of blocked executions seen: 555192
Total wall-clock time: 192.61s
./tests/generated/generic-set_3_0_1_True_2/t129.c
Sat Sep 11 23:18:48 IDT 2021
Number of complete executions explored: 0
Number of blocked executions seen: 3069
Total wall-clock time: 0.98s
./tests/generated/generic-set_3_0_1_True_2/t13.c
Sat Sep 11 23:18:49 IDT 2021
Number of complete executions explored: 0
Number of blocked executions seen: 24
Total wall-clock time: 0.03s
./tests/generated/generic-set_3_0_1_True_2/t130.c
Sat Sep 11 23:18:49 IDT 2021
Number of complete executions explored: 0
Number of blocked executions seen: 43313
Total wall-clock time: 17.28s
./tests/generated/generic-set_3_0_1_True_2/t131.c
Sat Sep 11 23:19:07 IDT 2021
Number of complete executions explored: 0
Number of blocked executions seen: 96596
Total wall-clock time: 38.48s
./tests/generated/generic-set_3_0_1_True_2/t132.c
Sat Sep 11 23:19:45 IDT 2021
Number of complete executions explored: 0
Number of blocked executions seen: 392
Total wall-clock time: 0.19s
./tests/generated/generic-set_3_0_1_True_2/t133.c
Sat Sep 11 23:19:45 IDT 2021
Number of complete executions explored: 0
Number of blocked executions seen: 223
Total wall-clock time: 0.10s
./tests/generated/generic-set_3_0_1_True_2/t134.c
Sat Sep 11 23:19:45 IDT 2021
Number of complete executions explored: 0
Number of blocked executions seen: 19938
Total wall-clock time: 7.01s
./tests/generated/generic-set_3_0_1_True_2/t135.c
Sat Sep 11 23:19:53 IDT 2021
Number of complete executions explored: 0
Number of blocked executions seen: 788
Total wall-clock time: 0.28s
./tests/generated/generic-set_3_0_1_True_2/t136.c
Sat Sep 11 23:19:53 IDT 2021
Number of complete executions explored: 0
Number of blocked executions seen: 59906
Total wall-clock time: 20.65s
./tests/generated/generic-set_3_0_1_True_2/t137.c
Sat Sep 11 23:20:13 IDT 2021
Number of complete executions explored: 0
Number of blocked executions seen: 127112
Total wall-clock time: 55.23s
./tests/generated/generic-set_3_0_1_True_2/t138.c
Sat Sep 11 23:21:09 IDT 2021
Number of complete executions explored: 0
Number of blocked executions seen: 11789
Total wall-clock time: 3.43s
./tests/generated/generic-set_3_0_1_True_2/t139.c
Sat Sep 11 23:21:12 IDT 2021
Number of complete executions explored: 0
Number of blocked executions seen: 1821
Total wall-clock time: 0.65s
./tests/generated/generic-set_3_0_1_True_2/t14.c
Sat Sep 11 23:21:13 IDT 2021
Number of complete executions explored: 0
Number of blocked executions seen: 96
Total wall-clock time: 0.05s
./tests/generated/generic-set_3_0_1_True_2/t140.c
Sat Sep 11 23:21:13 IDT 2021
Number of complete executions explored: 0
Number of blocked executions seen: 1110
Total wall-clock time: 0.23s
./tests/generated/generic-set_3_0_1_True_2/t141.c
Sat Sep 11 23:21:13 IDT 2021
Number of complete executions explored: 0
Number of blocked executions seen: 12604
Total wall-clock time: 3.69s
./tests/generated/generic-set_3_0_1_True_2/t142.c
Sat Sep 11 23:21:17 IDT 2021
Number of complete executions explored: 0
Number of blocked executions seen: 30208
Total wall-clock time: 9.59s
./tests/generated/generic-set_3_0_1_True_2/t143.c
Sat Sep 11 23:21:26 IDT 2021
Number of complete executions explored: 0
Number of blocked executions seen: 98871
Total wall-clock time: 34.08s
./tests/generated/generic-set_3_0_1_True_2/t144.c
Sat Sep 11 23:22:01 IDT 2021
Number of complete executions explored: 0
Number of blocked executions seen: 15107
Total wall-clock time: 5.17s
./tests/generated/generic-set_3_0_1_True_2/t145.c
Sat Sep 11 23:22:06 IDT 2021
Number of complete executions explored: 0
Number of blocked executions seen: 288
Total wall-clock time: 0.10s
./tests/generated/generic-set_3_0_1_True_2/t146.c
Sat Sep 11 23:22:06 IDT 2021
Number of complete executions explored: 0
Number of blocked executions seen: 1522007
Total wall-clock time: 766.32s
./tests/generated/generic-set_3_0_1_True_2/t147.c
Sat Sep 11 23:34:53 IDT 2021
Number of complete executions explored: 0
Number of blocked executions seen: 9167
Total wall-clock time: 3.54s
./tests/generated/generic-set_3_0_1_True_2/t148.c
Sat Sep 11 23:34:56 IDT 2021
Number of complete executions explored: 0
Number of blocked executions seen: 3530
Total wall-clock time: 0.99s
./tests/generated/generic-set_3_0_1_True_2/t149.c
Sat Sep 11 23:34:57 IDT 2021
Number of complete executions explored: 0
Number of blocked executions seen: 102125
Total wall-clock time: 35.29s
./tests/generated/generic-set_3_0_1_True_2/t15.c
Sat Sep 11 23:35:32 IDT 2021
Number of complete executions explored: 0
Number of blocked executions seen: 96
Total wall-clock time: 0.05s
./tests/generated/generic-set_3_0_1_True_2/t150.c
Sat Sep 11 23:35:33 IDT 2021
Number of complete executions explored: 0
Number of blocked executions seen: 6123
Total wall-clock time: 1.35s
./tests/generated/generic-set_3_0_1_True_2/t151.c
Sat Sep 11 23:35:34 IDT 2021
Number of complete executions explored: 0
Number of blocked executions seen: 13418
Total wall-clock time: 4.34s
./tests/generated/generic-set_3_0_1_True_2/t152.c
Sat Sep 11 23:35:38 IDT 2021
./tests/generated/generic-set_3_0_1_True_2/t153.c
Sun Sep 12 00:35:38 IDT 2021
Number of complete executions explored: 0
Number of blocked executions seen: 322
Total wall-clock time: 0.11s
./tests/generated/generic-set_3_0_1_True_2/t154.c
Sun Sep 12 00:35:38 IDT 2021
Number of complete executions explored: 0
Number of blocked executions seen: 145719
Total wall-clock time: 49.20s
./tests/generated/generic-set_3_0_1_True_2/t155.c
Sun Sep 12 00:36:28 IDT 2021
Number of complete executions explored: 0
Number of blocked executions seen: 7945
Total wall-clock time: 3.05s
./tests/generated/generic-set_3_0_1_True_2/t156.c
Sun Sep 12 00:36:31 IDT 2021
Number of complete executions explored: 0
Number of blocked executions seen: 14834
Total wall-clock time: 4.88s
./tests/generated/generic-set_3_0_1_True_2/t157.c
Sun Sep 12 00:36:36 IDT 2021
Number of complete executions explored: 0
Number of blocked executions seen: 10630
Total wall-clock time: 3.54s
./tests/generated/generic-set_3_0_1_True_2/t158.c
Sun Sep 12 00:36:39 IDT 2021
Number of complete executions explored: 0
Number of blocked executions seen: 1862
Total wall-clock time: 0.68s
./tests/generated/generic-set_3_0_1_True_2/t159.c
Sun Sep 12 00:36:40 IDT 2021
Number of complete executions explored: 0
Number of blocked executions seen: 195553
Total wall-clock time: 72.52s
./tests/generated/generic-set_3_0_1_True_2/t16.c
Sun Sep 12 00:37:52 IDT 2021
Number of complete executions explored: 0
Number of blocked executions seen: 24
Total wall-clock time: 0.03s
./tests/generated/generic-set_3_0_1_True_2/t160.c
Sun Sep 12 00:37:52 IDT 2021
Number of complete executions explored: 0
Number of blocked executions seen: 1825872
Total wall-clock time: 709.68s
./tests/generated/generic-set_3_0_1_True_2/t161.c
Sun Sep 12 00:49:42 IDT 2021
Number of complete executions explored: 0
Number of blocked executions seen: 114
Total wall-clock time: 0.04s
./tests/generated/generic-set_3_0_1_True_2/t162.c
Sun Sep 12 00:49:42 IDT 2021
Number of complete executions explored: 0
Number of blocked executions seen: 142727
Total wall-clock time: 46.17s
./tests/generated/generic-set_3_0_1_True_2/t163.c
Sun Sep 12 00:50:28 IDT 2021
Number of complete executions explored: 0
Number of blocked executions seen: 274
Total wall-clock time: 0.10s
./tests/generated/generic-set_3_0_1_True_2/t164.c
Sun Sep 12 00:50:29 IDT 2021
Number of complete executions explored: 0
Number of blocked executions seen: 1263
Total wall-clock time: 0.52s
./tests/generated/generic-set_3_0_1_True_2/t165.c
Sun Sep 12 00:50:29 IDT 2021
Number of complete executions explored: 0
Number of blocked executions seen: 482
Total wall-clock time: 0.17s
./tests/generated/generic-set_3_0_1_True_2/t166.c
Sun Sep 12 00:50:29 IDT 2021
Number of complete executions explored: 0
Number of blocked executions seen: 1956
Total wall-clock time: 0.44s
./tests/generated/generic-set_3_0_1_True_2/t167.c
Sun Sep 12 00:50:30 IDT 2021
Number of complete executions explored: 0
Number of blocked executions seen: 1317
Total wall-clock time: 0.41s
./tests/generated/generic-set_3_0_1_True_2/t168.c
Sun Sep 12 00:50:30 IDT 2021
Number of complete executions explored: 0
Number of blocked executions seen: 534
Total wall-clock time: 0.17s
./tests/generated/generic-set_3_0_1_True_2/t169.c
Sun Sep 12 00:50:30 IDT 2021
Number of complete executions explored: 0
Number of blocked executions seen: 13100
Total wall-clock time: 3.78s
./tests/generated/generic-set_3_0_1_True_2/t17.c
Sun Sep 12 00:50:34 IDT 2021
Number of complete executions explored: 0
Number of blocked executions seen: 77503
Total wall-clock time: 21.38s
./tests/generated/generic-set_3_0_1_True_2/t170.c
Sun Sep 12 00:50:56 IDT 2021
Number of complete executions explored: 0
Number of blocked executions seen: 5227
Total wall-clock time: 1.70s
./tests/generated/generic-set_3_0_1_True_2/t171.c
Sun Sep 12 00:50:57 IDT 2021
Number of complete executions explored: 0
Number of blocked executions seen: 924
Total wall-clock time: 0.34s
./tests/generated/generic-set_3_0_1_True_2/t172.c
Sun Sep 12 00:50:58 IDT 2021
Number of complete executions explored: 0
Number of blocked executions seen: 1686418
Total wall-clock time: 682.45s
./tests/generated/generic-set_3_0_1_True_2/t173.c
Sun Sep 12 01:02:20 IDT 2021
Number of complete executions explored: 0
Number of blocked executions seen: 2088
Total wall-clock time: 0.78s
./tests/generated/generic-set_3_0_1_True_2/t174.c
Sun Sep 12 01:02:21 IDT 2021
Number of complete executions explored: 0
Number of blocked executions seen: 41
Total wall-clock time: 0.03s
./tests/generated/generic-set_3_0_1_True_2/t175.c
Sun Sep 12 01:02:21 IDT 2021
Number of complete executions explored: 0
Number of blocked executions seen: 12533
Total wall-clock time: 2.29s
./tests/generated/generic-set_3_0_1_True_2/t176.c
Sun Sep 12 01:02:23 IDT 2021
Number of complete executions explored: 0
Number of blocked executions seen: 13443
Total wall-clock time: 4.11s
./tests/generated/generic-set_3_0_1_True_2/t177.c
Sun Sep 12 01:02:27 IDT 2021
Number of complete executions explored: 0
Number of blocked executions seen: 125
Total wall-clock time: 0.04s
./tests/generated/generic-set_3_0_1_True_2/t178.c
Sun Sep 12 01:02:28 IDT 2021
Number of complete executions explored: 0
Number of blocked executions seen: 43
Total wall-clock time: 0.04s
./tests/generated/generic-set_3_0_1_True_2/t179.c
Sun Sep 12 01:02:28 IDT 2021
Number of complete executions explored: 0
Number of blocked executions seen: 2091
Total wall-clock time: 0.64s
./tests/generated/generic-set_3_0_1_True_2/t18.c
Sun Sep 12 01:02:28 IDT 2021
Number of complete executions explored: 0
Number of blocked executions seen: 7292
Total wall-clock time: 2.35s
./tests/generated/generic-set_3_0_1_True_2/t180.c
Sun Sep 12 01:02:31 IDT 2021
Number of complete executions explored: 0
Number of blocked executions seen: 2091
Total wall-clock time: 0.62s
./tests/generated/generic-set_3_0_1_True_2/t181.c
Sun Sep 12 01:02:31 IDT 2021
Number of complete executions explored: 0
Number of blocked executions seen: 1590
Total wall-clock time: 0.35s
./tests/generated/generic-set_3_0_1_True_2/t182.c
Sun Sep 12 01:02:32 IDT 2021
Number of complete executions explored: 0
Number of blocked executions seen: 12577
Total wall-clock time: 4.20s
./tests/generated/generic-set_3_0_1_True_2/t183.c
Sun Sep 12 01:02:36 IDT 2021
Number of complete executions explored: 0
Number of blocked executions seen: 1798
Total wall-clock time: 0.51s
./tests/generated/generic-set_3_0_1_True_2/t184.c
Sun Sep 12 01:02:36 IDT 2021
Number of complete executions explored: 0
Number of blocked executions seen: 274
Total wall-clock time: 0.09s
./tests/generated/generic-set_3_0_1_True_2/t19.c
Sun Sep 12 01:02:37 IDT 2021
Number of complete executions explored: 0
Number of blocked executions seen: 43
Total wall-clock time: 0.03s
./tests/generated/generic-set_3_0_1_True_2/t2.c
Sun Sep 12 01:02:37 IDT 2021
Number of complete executions explored: 0
Number of blocked executions seen: 24
Total wall-clock time: 0.03s
./tests/generated/generic-set_3_0_1_True_2/t20.c
Sun Sep 12 01:02:37 IDT 2021
Number of complete executions explored: 0
Number of blocked executions seen: 11
Total wall-clock time: 0.02s
./tests/generated/generic-set_3_0_1_True_2/t21.c
Sun Sep 12 01:02:37 IDT 2021
Number of complete executions explored: 0
Number of blocked executions seen: 43
Total wall-clock time: 0.03s
./tests/generated/generic-set_3_0_1_True_2/t22.c
Sun Sep 12 01:02:37 IDT 2021
Number of complete executions explored: 0
Number of blocked executions seen: 217
Total wall-clock time: 0.07s
./tests/generated/generic-set_3_0_1_True_2/t23.c
Sun Sep 12 01:02:37 IDT 2021
Number of complete executions explored: 0
Number of blocked executions seen: 217
Total wall-clock time: 0.07s
./tests/generated/generic-set_3_0_1_True_2/t24.c
Sun Sep 12 01:02:37 IDT 2021
Number of complete executions explored: 0
Number of blocked executions seen: 143
Total wall-clock time: 0.05s
./tests/generated/generic-set_3_0_1_True_2/t25.c
Sun Sep 12 01:02:37 IDT 2021
Number of complete executions explored: 0
Number of blocked executions seen: 216912
Total wall-clock time: 117.72s
./tests/generated/generic-set_3_0_1_True_2/t26.c
Sun Sep 12 01:04:35 IDT 2021
Number of complete executions explored: 0
Number of blocked executions seen: 143
Total wall-clock time: 0.08s
./tests/generated/generic-set_3_0_1_True_2/t27.c
Sun Sep 12 01:04:35 IDT 2021
Number of complete executions explored: 0
Number of blocked executions seen: 225
Total wall-clock time: 0.09s
./tests/generated/generic-set_3_0_1_True_2/t28.c
Sun Sep 12 01:04:35 IDT 2021
Number of complete executions explored: 0
Number of blocked executions seen: 225
Total wall-clock time: 0.10s
./tests/generated/generic-set_3_0_1_True_2/t29.c
Sun Sep 12 01:04:35 IDT 2021
Number of complete executions explored: 0
Number of blocked executions seen: 1
Total wall-clock time: 0.03s
./tests/generated/generic-set_3_0_1_True_2/t3.c
Sun Sep 12 01:04:35 IDT 2021
Number of complete executions explored: 0
Number of blocked executions seen: 1421204
Total wall-clock time: 787.86s
./tests/generated/generic-set_3_0_1_True_2/t30.c
Sun Sep 12 01:17:43 IDT 2021
Number of complete executions explored: 0
Number of blocked executions seen: 225
Total wall-clock time: 0.11s
./tests/generated/generic-set_3_0_1_True_2/t31.c
Sun Sep 12 01:17:43 IDT 2021
Number of complete executions explored: 0
Number of blocked executions seen: 566
Total wall-clock time: 0.30s
./tests/generated/generic-set_3_0_1_True_2/t32.c
Sun Sep 12 01:17:43 IDT 2021
Number of complete executions explored: 0
Number of blocked executions seen: 1505
Total wall-clock time: 0.87s
./tests/generated/generic-set_3_0_1_True_2/t33.c
Sun Sep 12 01:17:44 IDT 2021
Number of complete executions explored: 0
Number of blocked executions seen: 4713
Total wall-clock time: 1.83s
./tests/generated/generic-set_3_0_1_True_2/t34.c
Sun Sep 12 01:17:46 IDT 2021
Number of complete executions explored: 0
Number of blocked executions seen: 11
Total wall-clock time: 0.03s
./tests/generated/generic-set_3_0_1_True_2/t35.c
Sun Sep 12 01:17:46 IDT 2021
Number of complete executions explored: 0
Number of blocked executions seen: 1862
Total wall-clock time: 0.57s
./tests/generated/generic-set_3_0_1_True_2/t36.c
Sun Sep 12 01:17:47 IDT 2021
Number of complete executions explored: 0
Number of blocked executions seen: 25276
Total wall-clock time: 12.21s
./tests/generated/generic-set_3_0_1_True_2/t37.c
Sun Sep 12 01:17:59 IDT 2021
Number of complete executions explored: 0
Number of blocked executions seen: 3145511
Total wall-clock time: 1787.30s
./tests/generated/generic-set_3_0_1_True_2/t38.c
Sun Sep 12 01:47:46 IDT 2021
Number of complete executions explored: 0
Number of blocked executions seen: 57829
Total wall-clock time: 27.51s
./tests/generated/generic-set_3_0_1_True_2/t39.c
Sun Sep 12 01:48:14 IDT 2021
Number of complete executions explored: 0
Number of blocked executions seen: 96
Total wall-clock time: 0.07s
./tests/generated/generic-set_3_0_1_True_2/t4.c
Sun Sep 12 01:48:14 IDT 2021
Number of complete executions explored: 0
Number of blocked executions seen: 2
Total wall-clock time: 0.04s
./tests/generated/generic-set_3_0_1_True_2/t40.c
Sun Sep 12 01:48:14 IDT 2021
Number of complete executions explored: 0
Number of blocked executions seen: 11
Total wall-clock time: 0.04s
./tests/generated/generic-set_3_0_1_True_2/t41.c
Sun Sep 12 01:48:14 IDT 2021
Number of complete executions explored: 0
Number of blocked executions seen: 44
Total wall-clock time: 0.05s
./tests/generated/generic-set_3_0_1_True_2/t42.c
Sun Sep 12 01:48:14 IDT 2021
Number of complete executions explored: 0
Number of blocked executions seen: 9366
Total wall-clock time: 4.25s
./tests/generated/generic-set_3_0_1_True_2/t43.c
Sun Sep 12 01:48:19 IDT 2021
Number of complete executions explored: 0
Number of blocked executions seen: 217
Total wall-clock time: 0.10s
./tests/generated/generic-set_3_0_1_True_2/t44.c
Sun Sep 12 01:48:19 IDT 2021
Number of complete executions explored: 0
Number of blocked executions seen: 84045
Total wall-clock time: 48.03s
./tests/generated/generic-set_3_0_1_True_2/t45.c
Sun Sep 12 01:49:07 IDT 2021
Number of complete executions explored: 0
Number of blocked executions seen: 604
Total wall-clock time: 0.38s
./tests/generated/generic-set_3_0_1_True_2/t46.c
Sun Sep 12 01:49:07 IDT 2021
Number of complete executions explored: 0
Number of blocked executions seen: 714
Total wall-clock time: 0.38s
./tests/generated/generic-set_3_0_1_True_2/t47.c
Sun Sep 12 01:49:08 IDT 2021
Number of complete executions explored: 0
Number of blocked executions seen: 13978
Total wall-clock time: 6.08s
./tests/generated/generic-set_3_0_1_True_2/t48.c
Sun Sep 12 01:49:14 IDT 2021
Number of complete executions explored: 0
Number of blocked executions seen: 44
Total wall-clock time: 0.04s
./tests/generated/generic-set_3_0_1_True_2/t49.c
Sun Sep 12 01:49:14 IDT 2021
Number of complete executions explored: 0
Number of blocked executions seen: 10201
Total wall-clock time: 4.63s
./tests/generated/generic-set_3_0_1_True_2/t5.c
Sun Sep 12 01:49:18 IDT 2021
Number of complete executions explored: 0
Number of blocked executions seen: 41
Total wall-clock time: 0.05s
./tests/generated/generic-set_3_0_1_True_2/t50.c
Sun Sep 12 01:49:19 IDT 2021
Number of complete executions explored: 0
Number of blocked executions seen: 44
Total wall-clock time: 0.04s
./tests/generated/generic-set_3_0_1_True_2/t51.c
Sun Sep 12 01:49:19 IDT 2021
Number of complete executions explored: 0
Number of blocked executions seen: 426262
Total wall-clock time: 243.61s
./tests/generated/generic-set_3_0_1_True_2/t52.c
Sun Sep 12 01:53:22 IDT 2021
Number of complete executions explored: 0
Number of blocked executions seen: 313466
Total wall-clock time: 188.95s
./tests/generated/generic-set_3_0_1_True_2/t53.c
Sun Sep 12 01:56:31 IDT 2021
Number of complete executions explored: 0
Number of blocked executions seen: 2246
Total wall-clock time: 0.61s
./tests/generated/generic-set_3_0_1_True_2/t54.c
Sun Sep 12 01:56:32 IDT 2021
Number of complete executions explored: 0
Number of blocked executions seen: 1623
Total wall-clock time: 0.91s
./tests/generated/generic-set_3_0_1_True_2/t55.c
Sun Sep 12 01:56:33 IDT 2021
Number of complete executions explored: 0
Number of blocked executions seen: 19083
Total wall-clock time: 9.39s
./tests/generated/generic-set_3_0_1_True_2/t56.c
Sun Sep 12 01:56:42 IDT 2021
Number of complete executions explored: 0
Number of blocked executions seen: 12389
Total wall-clock time: 6.45s
./tests/generated/generic-set_3_0_1_True_2/t57.c
Sun Sep 12 01:56:49 IDT 2021
Number of complete executions explored: 0
Number of blocked executions seen: 8229
Total wall-clock time: 3.31s
./tests/generated/generic-set_3_0_1_True_2/t58.c
Sun Sep 12 01:56:52 IDT 2021
Number of complete executions explored: 0
Number of blocked executions seen: 1117
Total wall-clock time: 0.39s
./tests/generated/generic-set_3_0_1_True_2/t59.c
Sun Sep 12 01:56:52 IDT 2021
Number of complete executions explored: 0
Number of blocked executions seen: 2424
Total wall-clock time: 1.14s
./tests/generated/generic-set_3_0_1_True_2/t6.c
Sun Sep 12 01:56:54 IDT 2021
Number of complete executions explored: 0
Number of blocked executions seen: 143
Total wall-clock time: 0.08s
./tests/generated/generic-set_3_0_1_True_2/t60.c
Sun Sep 12 01:56:54 IDT 2021
Number of complete executions explored: 0
Number of blocked executions seen: 13156
Total wall-clock time: 6.97s
./tests/generated/generic-set_3_0_1_True_2/t61.c
Sun Sep 12 01:57:01 IDT 2021
Number of complete executions explored: 0
Number of blocked executions seen: 5799
Total wall-clock time: 1.64s
./tests/generated/generic-set_3_0_1_True_2/t62.c
Sun Sep 12 01:57:02 IDT 2021
Number of complete executions explored: 0
Number of blocked executions seen: 1303876
Total wall-clock time: 543.09s
./tests/generated/generic-set_3_0_1_True_2/t63.c
Sun Sep 12 02:06:06 IDT 2021
Number of complete executions explored: 0
Number of blocked executions seen: 33037
Total wall-clock time: 15.80s
./tests/generated/generic-set_3_0_1_True_2/t64.c
Sun Sep 12 02:06:21 IDT 2021
Number of complete executions explored: 0
Number of blocked executions seen: 150385
Total wall-clock time: 63.01s
./tests/generated/generic-set_3_0_1_True_2/t65.c
Sun Sep 12 02:07:24 IDT 2021
Number of complete executions explored: 0
Number of blocked executions seen: 438
Total wall-clock time: 0.22s
./tests/generated/generic-set_3_0_1_True_2/t66.c
Sun Sep 12 02:07:25 IDT 2021
Number of complete executions explored: 0
Number of blocked executions seen: 99879
Total wall-clock time: 50.20s
./tests/generated/generic-set_3_0_1_True_2/t67.c
Sun Sep 12 02:08:15 IDT 2021
Number of complete executions explored: 0
Number of blocked executions seen: 9062
Total wall-clock time: 4.52s
./tests/generated/generic-set_3_0_1_True_2/t68.c
Sun Sep 12 02:08:19 IDT 2021
Number of complete executions explored: 0
Number of blocked executions seen: 4143
Total wall-clock time: 1.66s
./tests/generated/generic-set_3_0_1_True_2/t69.c
Sun Sep 12 02:08:21 IDT 2021
Number of complete executions explored: 0
Number of blocked executions seen: 1141
Total wall-clock time: 0.45s
./tests/generated/generic-set_3_0_1_True_2/t7.c
Sun Sep 12 02:08:22 IDT 2021
Number of complete executions explored: 0
Number of blocked executions seen: 1
Total wall-clock time: 0.03s
./tests/generated/generic-set_3_0_1_True_2/t70.c
Sun Sep 12 02:08:22 IDT 2021
Number of complete executions explored: 0
Number of blocked executions seen: 1888
Total wall-clock time: 0.80s
./tests/generated/generic-set_3_0_1_True_2/t71.c
Sun Sep 12 02:08:22 IDT 2021
Number of complete executions explored: 0
Number of blocked executions seen: 3160
Total wall-clock time: 1.39s
./tests/generated/generic-set_3_0_1_True_2/t72.c
Sun Sep 12 02:08:24 IDT 2021
Number of complete executions explored: 0
Number of blocked executions seen: 19692
Total wall-clock time: 8.66s
./tests/generated/generic-set_3_0_1_True_2/t73.c
Sun Sep 12 02:08:33 IDT 2021
Number of complete executions explored: 0
Number of blocked executions seen: 9068
Total wall-clock time: 3.84s
./tests/generated/generic-set_3_0_1_True_2/t74.c
Sun Sep 12 02:08:36 IDT 2021
Number of complete executions explored: 0
Number of blocked executions seen: 8734
Total wall-clock time: 3.07s
./tests/generated/generic-set_3_0_1_True_2/t75.c
Sun Sep 12 02:08:40 IDT 2021
Number of complete executions explored: 0
Number of blocked executions seen: 34982
Total wall-clock time: 13.98s
./tests/generated/generic-set_3_0_1_True_2/t76.c
Sun Sep 12 02:08:54 IDT 2021
Number of complete executions explored: 0
Number of blocked executions seen: 65078
Total wall-clock time: 27.21s
./tests/generated/generic-set_3_0_1_True_2/t77.c
Sun Sep 12 02:09:21 IDT 2021
Number of complete executions explored: 0
Number of blocked executions seen: 1693558
Total wall-clock time: 953.28s
./tests/generated/generic-set_3_0_1_True_2/t78.c
Sun Sep 12 02:25:14 IDT 2021
Number of complete executions explored: 0
Number of blocked executions seen: 9573
Total wall-clock time: 4.46s
./tests/generated/generic-set_3_0_1_True_2/t79.c
Sun Sep 12 02:25:19 IDT 2021
Number of complete executions explored: 0
Number of blocked executions seen: 97497
Total wall-clock time: 44.51s
./tests/generated/generic-set_3_0_1_True_2/t8.c
Sun Sep 12 02:26:03 IDT 2021
Number of complete executions explored: 0
Number of blocked executions seen: 1
Total wall-clock time: 0.03s
./tests/generated/generic-set_3_0_1_True_2/t80.c
Sun Sep 12 02:26:03 IDT 2021
Number of complete executions explored: 0
Number of blocked executions seen: 1
Total wall-clock time: 0.03s
./tests/generated/generic-set_3_0_1_True_2/t81.c
Sun Sep 12 02:26:03 IDT 2021
Number of complete executions explored: 0
Number of blocked executions seen: 629
Total wall-clock time: 0.25s
./tests/generated/generic-set_3_0_1_True_2/t82.c
Sun Sep 12 02:26:04 IDT 2021
Number of complete executions explored: 0
Number of blocked executions seen: 7135
Total wall-clock time: 2.76s
./tests/generated/generic-set_3_0_1_True_2/t83.c
Sun Sep 12 02:26:06 IDT 2021
Number of complete executions explored: 0
Number of blocked executions seen: 141741
Total wall-clock time: 75.89s
./tests/generated/generic-set_3_0_1_True_2/t84.c
Sun Sep 12 02:27:22 IDT 2021
Number of complete executions explored: 0
Number of blocked executions seen: 86834
Total wall-clock time: 42.61s
./tests/generated/generic-set_3_0_1_True_2/t85.c
Sun Sep 12 02:28:05 IDT 2021
Number of complete executions explored: 0
Number of blocked executions seen: 45588
Total wall-clock time: 22.05s
./tests/generated/generic-set_3_0_1_True_2/t86.c
Sun Sep 12 02:28:27 IDT 2021
Number of complete executions explored: 0
Number of blocked executions seen: 19543
Total wall-clock time: 9.15s
./tests/generated/generic-set_3_0_1_True_2/t87.c
Sun Sep 12 02:28:36 IDT 2021
Number of complete executions explored: 0
Number of blocked executions seen: 8271
Total wall-clock time: 3.28s
./tests/generated/generic-set_3_0_1_True_2/t88.c
Sun Sep 12 02:28:39 IDT 2021
Number of complete executions explored: 0
Number of blocked executions seen: 114
Total wall-clock time: 0.05s
./tests/generated/generic-set_3_0_1_True_2/t89.c
Sun Sep 12 02:28:40 IDT 2021
Number of complete executions explored: 0
Number of blocked executions seen: 15923
Total wall-clock time: 7.22s
./tests/generated/generic-set_3_0_1_True_2/t9.c
Sun Sep 12 02:28:47 IDT 2021
Number of complete executions explored: 0
Number of blocked executions seen: 43
Total wall-clock time: 0.04s
./tests/generated/generic-set_3_0_1_True_2/t90.c
Sun Sep 12 02:28:47 IDT 2021
Number of complete executions explored: 0
Number of blocked executions seen: 6867
Total wall-clock time: 2.70s
./tests/generated/generic-set_3_0_1_True_2/t91.c
Sun Sep 12 02:28:50 IDT 2021
Number of complete executions explored: 0
Number of blocked executions seen: 16984
Total wall-clock time: 7.19s
./tests/generated/generic-set_3_0_1_True_2/t92.c
Sun Sep 12 02:28:57 IDT 2021
Number of complete executions explored: 0
Number of blocked executions seen: 6929
Total wall-clock time: 3.70s
./tests/generated/generic-set_3_0_1_True_2/t93.c
Sun Sep 12 02:29:01 IDT 2021
Number of complete executions explored: 0
Number of blocked executions seen: 1573
Total wall-clock time: 0.93s
./tests/generated/generic-set_3_0_1_True_2/t94.c
Sun Sep 12 02:29:02 IDT 2021
Number of complete executions explored: 0
Number of blocked executions seen: 785
Total wall-clock time: 0.53s
./tests/generated/generic-set_3_0_1_True_2/t95.c
Sun Sep 12 02:29:02 IDT 2021
Number of complete executions explored: 0
Number of blocked executions seen: 29705
Total wall-clock time: 15.72s
./tests/generated/generic-set_3_0_1_True_2/t96.c
Sun Sep 12 02:29:18 IDT 2021
Number of complete executions explored: 0
Number of blocked executions seen: 3645
Total wall-clock time: 1.84s
./tests/generated/generic-set_3_0_1_True_2/t97.c
Sun Sep 12 02:29:20 IDT 2021
Number of complete executions explored: 0
Number of blocked executions seen: 37863
Total wall-clock time: 19.36s
./tests/generated/generic-set_3_0_1_True_2/t98.c
Sun Sep 12 02:29:39 IDT 2021
Number of complete executions explored: 0
Number of blocked executions seen: 6970
Total wall-clock time: 3.23s
./tests/generated/generic-set_3_0_1_True_2/t99.c
Sun Sep 12 02:29:42 IDT 2021
Number of complete executions explored: 0
Number of blocked executions seen: 816
Total wall-clock time: 0.34s
