running generated tests for 
./tests/generated/generic-set_3_1_0_True_2/t1.c
Sun Sep 12 07:58:21 IDT 2021
Number of complete executions explored: 0
Number of blocked executions seen: 44
Total wall-clock time: 0.04s
./tests/generated/generic-set_3_1_0_True_2/t10.c
Sun Sep 12 07:58:21 IDT 2021
Number of complete executions explored: 0
Number of blocked executions seen: 44537
Total wall-clock time: 15.76s
./tests/generated/generic-set_3_1_0_True_2/t11.c
Sun Sep 12 07:58:37 IDT 2021
Number of complete executions explored: 0
Number of blocked executions seen: 44537
Total wall-clock time: 16.09s
./tests/generated/generic-set_3_1_0_True_2/t12.c
Sun Sep 12 07:58:53 IDT 2021
Number of complete executions explored: 0
Number of blocked executions seen: 42
Total wall-clock time: 0.05s
./tests/generated/generic-set_3_1_0_True_2/t13.c
Sun Sep 12 07:58:53 IDT 2021
Number of complete executions explored: 0
Number of blocked executions seen: 20406
Total wall-clock time: 3.72s
./tests/generated/generic-set_3_1_0_True_2/t14.c
Sun Sep 12 07:58:57 IDT 2021
Number of complete executions explored: 0
Number of blocked executions seen: 1
Total wall-clock time: 0.02s
./tests/generated/generic-set_3_1_0_True_2/t15.c
Sun Sep 12 07:58:57 IDT 2021
Number of complete executions explored: 0
Number of blocked executions seen: 4810
Total wall-clock time: 1.77s
./tests/generated/generic-set_3_1_0_True_2/t16.c
Sun Sep 12 07:58:59 IDT 2021
Number of complete executions explored: 0
Number of blocked executions seen: 463
Total wall-clock time: 0.14s
./tests/generated/generic-set_3_1_0_True_2/t17.c
Sun Sep 12 07:58:59 IDT 2021
Number of complete executions explored: 0
Number of blocked executions seen: 466
Total wall-clock time: 0.15s
./tests/generated/generic-set_3_1_0_True_2/t18.c
Sun Sep 12 07:58:59 IDT 2021
Number of complete executions explored: 0
Number of blocked executions seen: 5382779
Total wall-clock time: 2171.44s
./tests/generated/generic-set_3_1_0_True_2/t19.c
Sun Sep 12 08:35:10 IDT 2021
Number of complete executions explored: 0
Number of blocked executions seen: 42
Total wall-clock time: 0.04s
./tests/generated/generic-set_3_1_0_True_2/t2.c
Sun Sep 12 08:35:10 IDT 2021
Number of complete executions explored: 0
Number of blocked executions seen: 463
Total wall-clock time: 0.21s
./tests/generated/generic-set_3_1_0_True_2/t20.c
Sun Sep 12 08:35:11 IDT 2021
Number of complete executions explored: 0
Number of blocked executions seen: 42
Total wall-clock time: 0.04s
./tests/generated/generic-set_3_1_0_True_2/t21.c
Sun Sep 12 08:35:11 IDT 2021
Number of complete executions explored: 0
Number of blocked executions seen: 1
Total wall-clock time: 0.02s
./tests/generated/generic-set_3_1_0_True_2/t22.c
Sun Sep 12 08:35:11 IDT 2021
Number of complete executions explored: 0
Number of blocked executions seen: 25660
Total wall-clock time: 8.88s
./tests/generated/generic-set_3_1_0_True_2/t23.c
Sun Sep 12 08:35:20 IDT 2021
Number of complete executions explored: 0
Number of blocked executions seen: 26893
Total wall-clock time: 9.35s
./tests/generated/generic-set_3_1_0_True_2/t24.c
Sun Sep 12 08:35:29 IDT 2021
Number of complete executions explored: 0
Number of blocked executions seen: 1
Total wall-clock time: 0.02s
./tests/generated/generic-set_3_1_0_True_2/t25.c
Sun Sep 12 08:35:29 IDT 2021
Number of complete executions explored: 0
Number of blocked executions seen: 42
Total wall-clock time: 0.04s
./tests/generated/generic-set_3_1_0_True_2/t26.c
Sun Sep 12 08:35:29 IDT 2021
Number of complete executions explored: 0
Number of blocked executions seen: 5109265
Total wall-clock time: 2434.84s
./tests/generated/generic-set_3_1_0_True_2/t27.c
Sun Sep 12 09:16:05 IDT 2021
Number of complete executions explored: 0
Number of blocked executions seen: 366
Total wall-clock time: 0.12s
./tests/generated/generic-set_3_1_0_True_2/t28.c
Sun Sep 12 09:16:05 IDT 2021
Number of complete executions explored: 0
Number of blocked executions seen: 372
Total wall-clock time: 0.14s
./tests/generated/generic-set_3_1_0_True_2/t29.c
Sun Sep 12 09:16:05 IDT 2021
Number of complete executions explored: 0
Number of blocked executions seen: 1
Total wall-clock time: 0.02s
./tests/generated/generic-set_3_1_0_True_2/t3.c
Sun Sep 12 09:16:05 IDT 2021
./tests/generated/generic-set_3_1_0_True_2/t30.c
Sun Sep 12 10:16:05 IDT 2021
Number of complete executions explored: 0
Number of blocked executions seen: 466
Total wall-clock time: 0.33s
./tests/generated/generic-set_3_1_0_True_2/t31.c
Sun Sep 12 10:16:06 IDT 2021
Number of complete executions explored: 0
Number of blocked executions seen: 1
Total wall-clock time: 0.04s
./tests/generated/generic-set_3_1_0_True_2/t32.c
Sun Sep 12 10:16:06 IDT 2021
Number of complete executions explored: 0
Number of blocked executions seen: 4397
Total wall-clock time: 4.00s
./tests/generated/generic-set_3_1_0_True_2/t33.c
Sun Sep 12 10:16:10 IDT 2021
Number of complete executions explored: 0
Number of blocked executions seen: 463
Total wall-clock time: 0.35s
./tests/generated/generic-set_3_1_0_True_2/t34.c
Sun Sep 12 10:16:10 IDT 2021
Number of complete executions explored: 0
Number of blocked executions seen: 4575405
Total wall-clock time: 1712.32s
./tests/generated/generic-set_3_1_0_True_2/t35.c
Sun Sep 12 10:44:43 IDT 2021
Number of complete executions explored: 0
Number of blocked executions seen: 4845468
Total wall-clock time: 1601.44s
./tests/generated/generic-set_3_1_0_True_2/t36.c
Sun Sep 12 11:11:24 IDT 2021
Number of complete executions explored: 0
Number of blocked executions seen: 1
Total wall-clock time: 0.02s
./tests/generated/generic-set_3_1_0_True_2/t37.c
Sun Sep 12 11:11:24 IDT 2021
Number of complete executions explored: 0
Number of blocked executions seen: 1
Total wall-clock time: 0.02s
./tests/generated/generic-set_3_1_0_True_2/t38.c
Sun Sep 12 11:11:24 IDT 2021
Number of complete executions explored: 0
Number of blocked executions seen: 466
Total wall-clock time: 0.15s
./tests/generated/generic-set_3_1_0_True_2/t39.c
Sun Sep 12 11:11:25 IDT 2021
Number of complete executions explored: 0
Number of blocked executions seen: 24611
Total wall-clock time: 5.12s
./tests/generated/generic-set_3_1_0_True_2/t4.c
Sun Sep 12 11:11:30 IDT 2021
Number of complete executions explored: 0
Number of blocked executions seen: 44537
Total wall-clock time: 15.54s
./tests/generated/generic-set_3_1_0_True_2/t40.c
Sun Sep 12 11:11:45 IDT 2021
Number of complete executions explored: 0
Number of blocked executions seen: 1
Total wall-clock time: 0.02s
./tests/generated/generic-set_3_1_0_True_2/t41.c
Sun Sep 12 11:11:45 IDT 2021
Number of complete executions explored: 0
Number of blocked executions seen: 1
Total wall-clock time: 0.02s
./tests/generated/generic-set_3_1_0_True_2/t42.c
Sun Sep 12 11:11:45 IDT 2021
Number of complete executions explored: 0
Number of blocked executions seen: 1
Total wall-clock time: 0.02s
./tests/generated/generic-set_3_1_0_True_2/t43.c
Sun Sep 12 11:11:45 IDT 2021
Number of complete executions explored: 0
Number of blocked executions seen: 1
Total wall-clock time: 0.02s
./tests/generated/generic-set_3_1_0_True_2/t44.c
Sun Sep 12 11:11:45 IDT 2021
Number of complete executions explored: 0
Number of blocked executions seen: 1
Total wall-clock time: 0.02s
./tests/generated/generic-set_3_1_0_True_2/t45.c
Sun Sep 12 11:11:45 IDT 2021
Number of complete executions explored: 0
Number of blocked executions seen: 1
Total wall-clock time: 0.03s
./tests/generated/generic-set_3_1_0_True_2/t46.c
Sun Sep 12 11:11:46 IDT 2021
Number of complete executions explored: 0
Number of blocked executions seen: 372
Total wall-clock time: 0.10s
./tests/generated/generic-set_3_1_0_True_2/t47.c
Sun Sep 12 11:11:46 IDT 2021
Number of complete executions explored: 0
Number of blocked executions seen: 26418
Total wall-clock time: 9.61s
./tests/generated/generic-set_3_1_0_True_2/t48.c
Sun Sep 12 11:11:55 IDT 2021
Number of complete executions explored: 0
Number of blocked executions seen: 44
Total wall-clock time: 0.04s
./tests/generated/generic-set_3_1_0_True_2/t49.c
Sun Sep 12 11:11:55 IDT 2021
Number of complete executions explored: 0
Number of blocked executions seen: 5401528
Total wall-clock time: 2158.39s
./tests/generated/generic-set_3_1_0_True_2/t5.c
Sun Sep 12 11:47:54 IDT 2021
Number of complete executions explored: 0
Number of blocked executions seen: 4969860
Total wall-clock time: 1870.59s
./tests/generated/generic-set_3_1_0_True_2/t50.c
Sun Sep 12 12:19:05 IDT 2021
Number of complete executions explored: 0
Number of blocked executions seen: 372
Total wall-clock time: 0.11s
./tests/generated/generic-set_3_1_0_True_2/t51.c
Sun Sep 12 12:19:05 IDT 2021
Number of complete executions explored: 0
Number of blocked executions seen: 5701899
Total wall-clock time: 3234.84s
./tests/generated/generic-set_3_1_0_True_2/t52.c
Sun Sep 12 13:13:00 IDT 2021
Number of complete executions explored: 0
Number of blocked executions seen: 22817
Total wall-clock time: 6.55s
./tests/generated/generic-set_3_1_0_True_2/t53.c
Sun Sep 12 13:13:06 IDT 2021
Number of complete executions explored: 0
Number of blocked executions seen: 22807
Total wall-clock time: 5.70s
./tests/generated/generic-set_3_1_0_True_2/t54.c
Sun Sep 12 13:13:12 IDT 2021
Number of complete executions explored: 0
Number of blocked executions seen: 22087
Total wall-clock time: 6.29s
./tests/generated/generic-set_3_1_0_True_2/t55.c
Sun Sep 12 13:13:18 IDT 2021
Number of complete executions explored: 0
Number of blocked executions seen: 1
Total wall-clock time: 0.02s
./tests/generated/generic-set_3_1_0_True_2/t56.c
Sun Sep 12 13:13:18 IDT 2021
Number of complete executions explored: 0
Number of blocked executions seen: 1
Total wall-clock time: 0.02s
./tests/generated/generic-set_3_1_0_True_2/t57.c
Sun Sep 12 13:13:18 IDT 2021
Number of complete executions explored: 0
Number of blocked executions seen: 1
Total wall-clock time: 0.02s
./tests/generated/generic-set_3_1_0_True_2/t58.c
Sun Sep 12 13:13:18 IDT 2021
Number of complete executions explored: 0
Number of blocked executions seen: 26898
Total wall-clock time: 9.25s
./tests/generated/generic-set_3_1_0_True_2/t59.c
Sun Sep 12 13:13:28 IDT 2021
Number of complete executions explored: 0
Number of blocked executions seen: 1
Total wall-clock time: 0.03s
./tests/generated/generic-set_3_1_0_True_2/t6.c
Sun Sep 12 13:13:28 IDT 2021
Number of complete executions explored: 0
Number of blocked executions seen: 1
Total wall-clock time: 0.02s
./tests/generated/generic-set_3_1_0_True_2/t60.c
Sun Sep 12 13:13:28 IDT 2021
Number of complete executions explored: 0
Number of blocked executions seen: 22103
Total wall-clock time: 6.57s
./tests/generated/generic-set_3_1_0_True_2/t61.c
Sun Sep 12 13:13:34 IDT 2021
Number of complete executions explored: 0
Number of blocked executions seen: 1
Total wall-clock time: 0.02s
./tests/generated/generic-set_3_1_0_True_2/t62.c
Sun Sep 12 13:13:34 IDT 2021
Number of complete executions explored: 0
Number of blocked executions seen: 4677883
Total wall-clock time: 1558.27s
./tests/generated/generic-set_3_1_0_True_2/t63.c
Sun Sep 12 13:39:33 IDT 2021
Number of complete executions explored: 0
Number of blocked executions seen: 20438
Total wall-clock time: 4.19s
./tests/generated/generic-set_3_1_0_True_2/t64.c
Sun Sep 12 13:39:37 IDT 2021
Number of complete executions explored: 0
Number of blocked executions seen: 21573
Total wall-clock time: 5.07s
./tests/generated/generic-set_3_1_0_True_2/t65.c
Sun Sep 12 13:39:42 IDT 2021
Number of complete executions explored: 0
Number of blocked executions seen: 5103018
Total wall-clock time: 2484.34s
./tests/generated/generic-set_3_1_0_True_2/t66.c
Sun Sep 12 14:21:06 IDT 2021
Number of complete executions explored: 0
Number of blocked executions seen: 21563
Total wall-clock time: 6.15s
./tests/generated/generic-set_3_1_0_True_2/t67.c
Sun Sep 12 14:21:13 IDT 2021
Number of complete executions explored: 0
Number of blocked executions seen: 21122
Total wall-clock time: 7.03s
./tests/generated/generic-set_3_1_0_True_2/t68.c
Sun Sep 12 14:21:20 IDT 2021
Number of complete executions explored: 0
Number of blocked executions seen: 21154
Total wall-clock time: 6.91s
./tests/generated/generic-set_3_1_0_True_2/t69.c
Sun Sep 12 14:21:27 IDT 2021
Number of complete executions explored: 0
Number of blocked executions seen: 24643
Total wall-clock time: 7.84s
./tests/generated/generic-set_3_1_0_True_2/t7.c
Sun Sep 12 14:21:34 IDT 2021
Number of complete executions explored: 0
Number of blocked executions seen: 366
Total wall-clock time: 0.16s
./tests/generated/generic-set_3_1_0_True_2/t70.c
Sun Sep 12 14:21:35 IDT 2021
Number of complete executions explored: 0
Number of blocked executions seen: 1
Total wall-clock time: 0.03s
./tests/generated/generic-set_3_1_0_True_2/t71.c
Sun Sep 12 14:21:35 IDT 2021
Number of complete executions explored: 0
Number of blocked executions seen: 1
Total wall-clock time: 0.03s
./tests/generated/generic-set_3_1_0_True_2/t72.c
Sun Sep 12 14:21:35 IDT 2021
Number of complete executions explored: 0
Number of blocked executions seen: 1
Total wall-clock time: 0.03s
./tests/generated/generic-set_3_1_0_True_2/t73.c
Sun Sep 12 14:21:35 IDT 2021
./tests/generated/generic-set_3_1_0_True_2/t74.c
Sun Sep 12 15:21:35 IDT 2021
Number of complete executions explored: 0
Number of blocked executions seen: 5159510
Total wall-clock time: 3109.54s
./tests/generated/generic-set_3_1_0_True_2/t75.c
Sun Sep 12 16:13:25 IDT 2021
Number of complete executions explored: 0
Number of blocked executions seen: 5380591
Total wall-clock time: 2248.67s
./tests/generated/generic-set_3_1_0_True_2/t76.c
Sun Sep 12 16:50:53 IDT 2021
Number of complete executions explored: 0
Number of blocked executions seen: 23875
Total wall-clock time: 7.29s
./tests/generated/generic-set_3_1_0_True_2/t77.c
Sun Sep 12 16:51:01 IDT 2021
Number of complete executions explored: 0
Number of blocked executions seen: 1
Total wall-clock time: 0.02s
./tests/generated/generic-set_3_1_0_True_2/t78.c
Sun Sep 12 16:51:01 IDT 2021
Number of complete executions explored: 0
Number of blocked executions seen: 1
Total wall-clock time: 0.02s
./tests/generated/generic-set_3_1_0_True_2/t79.c
Sun Sep 12 16:51:01 IDT 2021
Number of complete executions explored: 0
Number of blocked executions seen: 25778
Total wall-clock time: 5.21s
./tests/generated/generic-set_3_1_0_True_2/t8.c
Sun Sep 12 16:51:06 IDT 2021
Number of complete executions explored: 0
Number of blocked executions seen: 366
Total wall-clock time: 0.08s
./tests/generated/generic-set_3_1_0_True_2/t80.c
Sun Sep 12 16:51:06 IDT 2021
Number of complete executions explored: 0
Number of blocked executions seen: 25768
Total wall-clock time: 5.05s
./tests/generated/generic-set_3_1_0_True_2/t81.c
Sun Sep 12 16:51:11 IDT 2021
Number of complete executions explored: 0
Number of blocked executions seen: 4911435
Total wall-clock time: 2128.41s
./tests/generated/generic-set_3_1_0_True_2/t82.c
Sun Sep 12 17:26:40 IDT 2021
Number of complete executions explored: 0
Number of blocked executions seen: 25676
Total wall-clock time: 7.91s
./tests/generated/generic-set_3_1_0_True_2/t83.c
Sun Sep 12 17:26:48 IDT 2021
Number of complete executions explored: 0
Number of blocked executions seen: 23870
Total wall-clock time: 7.17s
./tests/generated/generic-set_3_1_0_True_2/t84.c
Sun Sep 12 17:26:55 IDT 2021
Number of complete executions explored: 0
Number of blocked executions seen: 1
Total wall-clock time: 0.02s
./tests/generated/generic-set_3_1_0_True_2/t85.c
Sun Sep 12 17:26:55 IDT 2021
Number of complete executions explored: 0
Number of blocked executions seen: 3843
Total wall-clock time: 1.43s
./tests/generated/generic-set_3_1_0_True_2/t86.c
Sun Sep 12 17:26:56 IDT 2021
Number of complete executions explored: 0
Number of blocked executions seen: 26434
Total wall-clock time: 9.06s
./tests/generated/generic-set_3_1_0_True_2/t87.c
Sun Sep 12 17:27:05 IDT 2021
Number of complete executions explored: 0
Number of blocked executions seen: 1
Total wall-clock time: 0.02s
./tests/generated/generic-set_3_1_0_True_2/t88.c
Sun Sep 12 17:27:05 IDT 2021
Number of complete executions explored: 0
Number of blocked executions seen: 1
Total wall-clock time: 0.02s
./tests/generated/generic-set_3_1_0_True_2/t89.c
Sun Sep 12 17:27:05 IDT 2021
Number of complete executions explored: 0
Number of blocked executions seen: 28201
Total wall-clock time: 10.33s
./tests/generated/generic-set_3_1_0_True_2/t9.c
Sun Sep 12 17:27:16 IDT 2021
Number of complete executions explored: 0
Number of blocked executions seen: 1
Total wall-clock time: 0.02s
./tests/generated/generic-set_3_1_0_True_2/t90.c
Sun Sep 12 17:27:16 IDT 2021
Number of complete executions explored: 0
Number of blocked executions seen: 28206
Total wall-clock time: 10.18s
