running generated tests for 
./tests/generated/generic-set_3_1_0_True_2/t1.c
Sun Sep 12 07:57:49 IDT 2021
Number of complete executions explored: 0
Number of blocked executions seen: 43
Total wall-clock time: 0.04s
./tests/generated/generic-set_3_1_0_True_2/t10.c
Sun Sep 12 07:57:49 IDT 2021
Number of complete executions explored: 0
Number of blocked executions seen: 41278
Total wall-clock time: 12.85s
./tests/generated/generic-set_3_1_0_True_2/t11.c
Sun Sep 12 07:58:02 IDT 2021
Number of complete executions explored: 0
Number of blocked executions seen: 41278
Total wall-clock time: 12.21s
./tests/generated/generic-set_3_1_0_True_2/t12.c
Sun Sep 12 07:58:14 IDT 2021
Number of complete executions explored: 0
Number of blocked executions seen: 41
Total wall-clock time: 0.04s
./tests/generated/generic-set_3_1_0_True_2/t13.c
Sun Sep 12 07:58:14 IDT 2021
Number of complete executions explored: 0
Number of blocked executions seen: 18091
Total wall-clock time: 2.94s
./tests/generated/generic-set_3_1_0_True_2/t14.c
Sun Sep 12 07:58:17 IDT 2021
Number of complete executions explored: 0
Number of blocked executions seen: 1
Total wall-clock time: 0.02s
./tests/generated/generic-set_3_1_0_True_2/t15.c
Sun Sep 12 07:58:17 IDT 2021
Number of complete executions explored: 0
Number of blocked executions seen: 4521
Total wall-clock time: 1.52s
./tests/generated/generic-set_3_1_0_True_2/t16.c
Sun Sep 12 07:58:19 IDT 2021
Number of complete executions explored: 0
Number of blocked executions seen: 447
Total wall-clock time: 0.13s
./tests/generated/generic-set_3_1_0_True_2/t17.c
Sun Sep 12 07:58:19 IDT 2021
Number of complete executions explored: 0
Number of blocked executions seen: 450
Total wall-clock time: 0.13s
./tests/generated/generic-set_3_1_0_True_2/t18.c
Sun Sep 12 07:58:19 IDT 2021
Number of complete executions explored: 0
Number of blocked executions seen: 4509044
Total wall-clock time: 1843.28s
./tests/generated/generic-set_3_1_0_True_2/t19.c
Sun Sep 12 08:29:02 IDT 2021
Number of complete executions explored: 0
Number of blocked executions seen: 41
Total wall-clock time: 0.04s
./tests/generated/generic-set_3_1_0_True_2/t2.c
Sun Sep 12 08:29:03 IDT 2021
Number of complete executions explored: 0
Number of blocked executions seen: 447
Total wall-clock time: 0.18s
./tests/generated/generic-set_3_1_0_True_2/t20.c
Sun Sep 12 08:29:03 IDT 2021
Number of complete executions explored: 0
Number of blocked executions seen: 41
Total wall-clock time: 0.04s
./tests/generated/generic-set_3_1_0_True_2/t21.c
Sun Sep 12 08:29:03 IDT 2021
Number of complete executions explored: 0
Number of blocked executions seen: 1
Total wall-clock time: 0.02s
./tests/generated/generic-set_3_1_0_True_2/t22.c
Sun Sep 12 08:29:03 IDT 2021
Number of complete executions explored: 0
Number of blocked executions seen: 23018
Total wall-clock time: 8.37s
./tests/generated/generic-set_3_1_0_True_2/t23.c
Sun Sep 12 08:29:11 IDT 2021
Number of complete executions explored: 0
Number of blocked executions seen: 24090
Total wall-clock time: 9.42s
./tests/generated/generic-set_3_1_0_True_2/t24.c
Sun Sep 12 08:29:21 IDT 2021
Number of complete executions explored: 0
Number of blocked executions seen: 1
Total wall-clock time: 0.02s
./tests/generated/generic-set_3_1_0_True_2/t25.c
Sun Sep 12 08:29:21 IDT 2021
Number of complete executions explored: 0
Number of blocked executions seen: 41
Total wall-clock time: 0.04s
./tests/generated/generic-set_3_1_0_True_2/t26.c
Sun Sep 12 08:29:21 IDT 2021
Number of complete executions explored: 0
Number of blocked executions seen: 4281996
Total wall-clock time: 1885.78s
./tests/generated/generic-set_3_1_0_True_2/t27.c
Sun Sep 12 09:00:47 IDT 2021
Number of complete executions explored: 0
Number of blocked executions seen: 352
Total wall-clock time: 0.13s
./tests/generated/generic-set_3_1_0_True_2/t28.c
Sun Sep 12 09:00:47 IDT 2021
Number of complete executions explored: 0
Number of blocked executions seen: 358
Total wall-clock time: 0.12s
./tests/generated/generic-set_3_1_0_True_2/t29.c
Sun Sep 12 09:00:47 IDT 2021
Number of complete executions explored: 0
Number of blocked executions seen: 1
Total wall-clock time: 0.02s
./tests/generated/generic-set_3_1_0_True_2/t3.c
Sun Sep 12 09:00:47 IDT 2021
./tests/generated/generic-set_3_1_0_True_2/t30.c
Sun Sep 12 10:00:47 IDT 2021
Number of complete executions explored: 0
Number of blocked executions seen: 450
Total wall-clock time: 0.16s
./tests/generated/generic-set_3_1_0_True_2/t31.c
Sun Sep 12 10:00:48 IDT 2021
Number of complete executions explored: 0
Number of blocked executions seen: 1
Total wall-clock time: 0.02s
./tests/generated/generic-set_3_1_0_True_2/t32.c
Sun Sep 12 10:00:48 IDT 2021
Number of complete executions explored: 0
Number of blocked executions seen: 4128
Total wall-clock time: 1.79s
./tests/generated/generic-set_3_1_0_True_2/t33.c
Sun Sep 12 10:00:49 IDT 2021
Number of complete executions explored: 0
Number of blocked executions seen: 447
Total wall-clock time: 0.18s
./tests/generated/generic-set_3_1_0_True_2/t34.c
Sun Sep 12 10:00:50 IDT 2021
Number of complete executions explored: 0
Number of blocked executions seen: 3811462
Total wall-clock time: 1536.49s
./tests/generated/generic-set_3_1_0_True_2/t35.c
Sun Sep 12 10:26:26 IDT 2021
Number of complete executions explored: 0
Number of blocked executions seen: 4043375
Total wall-clock time: 1345.86s
./tests/generated/generic-set_3_1_0_True_2/t36.c
Sun Sep 12 10:48:52 IDT 2021
Number of complete executions explored: 0
Number of blocked executions seen: 1
Total wall-clock time: 0.02s
./tests/generated/generic-set_3_1_0_True_2/t37.c
Sun Sep 12 10:48:52 IDT 2021
Number of complete executions explored: 0
Number of blocked executions seen: 1
Total wall-clock time: 0.04s
./tests/generated/generic-set_3_1_0_True_2/t38.c
Sun Sep 12 10:48:52 IDT 2021
Number of complete executions explored: 0
Number of blocked executions seen: 450
Total wall-clock time: 0.17s
./tests/generated/generic-set_3_1_0_True_2/t39.c
Sun Sep 12 10:48:53 IDT 2021
Number of complete executions explored: 0
Number of blocked executions seen: 22037
Total wall-clock time: 5.56s
./tests/generated/generic-set_3_1_0_True_2/t4.c
Sun Sep 12 10:48:58 IDT 2021
Number of complete executions explored: 0
Number of blocked executions seen: 41278
Total wall-clock time: 15.90s
./tests/generated/generic-set_3_1_0_True_2/t40.c
Sun Sep 12 10:49:14 IDT 2021
Number of complete executions explored: 0
Number of blocked executions seen: 1
Total wall-clock time: 0.02s
./tests/generated/generic-set_3_1_0_True_2/t41.c
Sun Sep 12 10:49:14 IDT 2021
Number of complete executions explored: 0
Number of blocked executions seen: 1
Total wall-clock time: 0.02s
./tests/generated/generic-set_3_1_0_True_2/t42.c
Sun Sep 12 10:49:14 IDT 2021
Number of complete executions explored: 0
Number of blocked executions seen: 1
Total wall-clock time: 0.02s
./tests/generated/generic-set_3_1_0_True_2/t43.c
Sun Sep 12 10:49:14 IDT 2021
Number of complete executions explored: 0
Number of blocked executions seen: 1
Total wall-clock time: 0.02s
./tests/generated/generic-set_3_1_0_True_2/t44.c
Sun Sep 12 10:49:14 IDT 2021
Number of complete executions explored: 0
Number of blocked executions seen: 1
Total wall-clock time: 0.02s
./tests/generated/generic-set_3_1_0_True_2/t45.c
Sun Sep 12 10:49:14 IDT 2021
Number of complete executions explored: 0
Number of blocked executions seen: 1
Total wall-clock time: 0.02s
./tests/generated/generic-set_3_1_0_True_2/t46.c
Sun Sep 12 10:49:14 IDT 2021
Number of complete executions explored: 0
Number of blocked executions seen: 358
Total wall-clock time: 0.10s
./tests/generated/generic-set_3_1_0_True_2/t47.c
Sun Sep 12 10:49:14 IDT 2021
Number of complete executions explored: 0
Number of blocked executions seen: 23713
Total wall-clock time: 10.14s
./tests/generated/generic-set_3_1_0_True_2/t48.c
Sun Sep 12 10:49:25 IDT 2021
Number of complete executions explored: 0
Number of blocked executions seen: 43
Total wall-clock time: 0.04s
./tests/generated/generic-set_3_1_0_True_2/t49.c
Sun Sep 12 10:49:25 IDT 2021
Number of complete executions explored: 0
Number of blocked executions seen: 4478019
Total wall-clock time: 1732.40s
./tests/generated/generic-set_3_1_0_True_2/t5.c
Sun Sep 12 11:18:17 IDT 2021
Number of complete executions explored: 0
Number of blocked executions seen: 4187945
Total wall-clock time: 1836.98s
./tests/generated/generic-set_3_1_0_True_2/t50.c
Sun Sep 12 11:48:54 IDT 2021
Number of complete executions explored: 0
Number of blocked executions seen: 358
Total wall-clock time: 0.10s
./tests/generated/generic-set_3_1_0_True_2/t51.c
Sun Sep 12 11:48:54 IDT 2021
Number of complete executions explored: 0
Number of blocked executions seen: 4755070
Total wall-clock time: 2365.89s
./tests/generated/generic-set_3_1_0_True_2/t52.c
Sun Sep 12 12:28:20 IDT 2021
Number of complete executions explored: 0
Number of blocked executions seen: 20236
Total wall-clock time: 5.53s
./tests/generated/generic-set_3_1_0_True_2/t53.c
Sun Sep 12 12:28:26 IDT 2021
Number of complete executions explored: 0
Number of blocked executions seen: 20226
Total wall-clock time: 5.22s
./tests/generated/generic-set_3_1_0_True_2/t54.c
Sun Sep 12 12:28:31 IDT 2021
Number of complete executions explored: 0
Number of blocked executions seen: 19645
Total wall-clock time: 5.51s
./tests/generated/generic-set_3_1_0_True_2/t55.c
Sun Sep 12 12:28:37 IDT 2021
Number of complete executions explored: 0
Number of blocked executions seen: 1
Total wall-clock time: 0.02s
./tests/generated/generic-set_3_1_0_True_2/t56.c
Sun Sep 12 12:28:37 IDT 2021
Number of complete executions explored: 0
Number of blocked executions seen: 1
Total wall-clock time: 0.02s
./tests/generated/generic-set_3_1_0_True_2/t57.c
Sun Sep 12 12:28:37 IDT 2021
Number of complete executions explored: 0
Number of blocked executions seen: 1
Total wall-clock time: 0.02s
./tests/generated/generic-set_3_1_0_True_2/t58.c
Sun Sep 12 12:28:37 IDT 2021
Number of complete executions explored: 0
Number of blocked executions seen: 24095
Total wall-clock time: 8.41s
./tests/generated/generic-set_3_1_0_True_2/t59.c
Sun Sep 12 12:28:45 IDT 2021
Number of complete executions explored: 0
Number of blocked executions seen: 1
Total wall-clock time: 0.02s
./tests/generated/generic-set_3_1_0_True_2/t6.c
Sun Sep 12 12:28:45 IDT 2021
Number of complete executions explored: 0
Number of blocked executions seen: 1
Total wall-clock time: 0.02s
./tests/generated/generic-set_3_1_0_True_2/t60.c
Sun Sep 12 12:28:45 IDT 2021
Number of complete executions explored: 0
Number of blocked executions seen: 19661
Total wall-clock time: 5.87s
./tests/generated/generic-set_3_1_0_True_2/t61.c
Sun Sep 12 12:28:51 IDT 2021
Number of complete executions explored: 0
Number of blocked executions seen: 1
Total wall-clock time: 0.02s
./tests/generated/generic-set_3_1_0_True_2/t62.c
Sun Sep 12 12:28:51 IDT 2021
Number of complete executions explored: 0
Number of blocked executions seen: 3938308
Total wall-clock time: 1783.54s
./tests/generated/generic-set_3_1_0_True_2/t63.c
Sun Sep 12 12:58:35 IDT 2021
Number of complete executions explored: 0
Number of blocked executions seen: 18123
Total wall-clock time: 4.13s
./tests/generated/generic-set_3_1_0_True_2/t64.c
Sun Sep 12 12:58:39 IDT 2021
Number of complete executions explored: 0
Number of blocked executions seen: 19097
Total wall-clock time: 4.26s
./tests/generated/generic-set_3_1_0_True_2/t65.c
Sun Sep 12 12:58:43 IDT 2021
Number of complete executions explored: 0
Number of blocked executions seen: 4271463
Total wall-clock time: 1647.05s
./tests/generated/generic-set_3_1_0_True_2/t66.c
Sun Sep 12 13:26:10 IDT 2021
Number of complete executions explored: 0
Number of blocked executions seen: 19087
Total wall-clock time: 3.94s
./tests/generated/generic-set_3_1_0_True_2/t67.c
Sun Sep 12 13:26:14 IDT 2021
Number of complete executions explored: 0
Number of blocked executions seen: 18744
Total wall-clock time: 4.12s
./tests/generated/generic-set_3_1_0_True_2/t68.c
Sun Sep 12 13:26:19 IDT 2021
Number of complete executions explored: 0
Number of blocked executions seen: 18776
Total wall-clock time: 4.32s
./tests/generated/generic-set_3_1_0_True_2/t69.c
Sun Sep 12 13:26:23 IDT 2021
Number of complete executions explored: 0
Number of blocked executions seen: 22069
Total wall-clock time: 4.89s
./tests/generated/generic-set_3_1_0_True_2/t7.c
Sun Sep 12 13:26:28 IDT 2021
Number of complete executions explored: 0
Number of blocked executions seen: 352
Total wall-clock time: 0.09s
./tests/generated/generic-set_3_1_0_True_2/t70.c
Sun Sep 12 13:26:28 IDT 2021
Number of complete executions explored: 0
Number of blocked executions seen: 1
Total wall-clock time: 0.02s
./tests/generated/generic-set_3_1_0_True_2/t71.c
Sun Sep 12 13:26:28 IDT 2021
Number of complete executions explored: 0
Number of blocked executions seen: 1
Total wall-clock time: 0.02s
./tests/generated/generic-set_3_1_0_True_2/t72.c
Sun Sep 12 13:26:28 IDT 2021
Number of complete executions explored: 0
Number of blocked executions seen: 1
Total wall-clock time: 0.03s
./tests/generated/generic-set_3_1_0_True_2/t73.c
Sun Sep 12 13:26:28 IDT 2021
./tests/generated/generic-set_3_1_0_True_2/t74.c
Sun Sep 12 14:26:28 IDT 2021
Number of complete executions explored: 0
Number of blocked executions seen: 4276241
Total wall-clock time: 2332.87s
./tests/generated/generic-set_3_1_0_True_2/t75.c
Sun Sep 12 15:05:21 IDT 2021
Number of complete executions explored: 0
Number of blocked executions seen: 4421427
Total wall-clock time: 2567.91s
./tests/generated/generic-set_3_1_0_True_2/t76.c
Sun Sep 12 15:48:09 IDT 2021
Number of complete executions explored: 0
Number of blocked executions seen: 21230
Total wall-clock time: 11.18s
./tests/generated/generic-set_3_1_0_True_2/t77.c
Sun Sep 12 15:48:20 IDT 2021
Number of complete executions explored: 0
Number of blocked executions seen: 1
Total wall-clock time: 0.04s
./tests/generated/generic-set_3_1_0_True_2/t78.c
Sun Sep 12 15:48:21 IDT 2021
Number of complete executions explored: 0
Number of blocked executions seen: 1
Total wall-clock time: 0.05s
./tests/generated/generic-set_3_1_0_True_2/t79.c
Sun Sep 12 15:48:21 IDT 2021
Number of complete executions explored: 0
Number of blocked executions seen: 23043
Total wall-clock time: 9.05s
./tests/generated/generic-set_3_1_0_True_2/t8.c
Sun Sep 12 15:48:30 IDT 2021
Number of complete executions explored: 0
Number of blocked executions seen: 352
Total wall-clock time: 0.16s
./tests/generated/generic-set_3_1_0_True_2/t80.c
Sun Sep 12 15:48:30 IDT 2021
Number of complete executions explored: 0
Number of blocked executions seen: 23033
Total wall-clock time: 8.58s
./tests/generated/generic-set_3_1_0_True_2/t81.c
Sun Sep 12 15:48:39 IDT 2021
Number of complete executions explored: 0
Number of blocked executions seen: 4054902
Total wall-clock time: 2176.76s
./tests/generated/generic-set_3_1_0_True_2/t82.c
Sun Sep 12 16:24:55 IDT 2021
Number of complete executions explored: 0
Number of blocked executions seen: 23034
Total wall-clock time: 7.67s
./tests/generated/generic-set_3_1_0_True_2/t83.c
Sun Sep 12 16:25:03 IDT 2021
Number of complete executions explored: 0
Number of blocked executions seen: 21225
Total wall-clock time: 6.77s
./tests/generated/generic-set_3_1_0_True_2/t84.c
Sun Sep 12 16:25:10 IDT 2021
Number of complete executions explored: 0
Number of blocked executions seen: 1
Total wall-clock time: 0.02s
./tests/generated/generic-set_3_1_0_True_2/t85.c
Sun Sep 12 16:25:10 IDT 2021
Number of complete executions explored: 0
Number of blocked executions seen: 3608
Total wall-clock time: 1.41s
./tests/generated/generic-set_3_1_0_True_2/t86.c
Sun Sep 12 16:25:11 IDT 2021
Number of complete executions explored: 0
Number of blocked executions seen: 23729
Total wall-clock time: 8.95s
./tests/generated/generic-set_3_1_0_True_2/t87.c
Sun Sep 12 16:25:20 IDT 2021
Number of complete executions explored: 0
Number of blocked executions seen: 1
Total wall-clock time: 0.02s
./tests/generated/generic-set_3_1_0_True_2/t88.c
Sun Sep 12 16:25:20 IDT 2021
Number of complete executions explored: 0
Number of blocked executions seen: 1
Total wall-clock time: 0.02s
./tests/generated/generic-set_3_1_0_True_2/t89.c
Sun Sep 12 16:25:20 IDT 2021
Number of complete executions explored: 0
Number of blocked executions seen: 25293
Total wall-clock time: 10.14s
./tests/generated/generic-set_3_1_0_True_2/t9.c
Sun Sep 12 16:25:31 IDT 2021
Number of complete executions explored: 0
Number of blocked executions seen: 1
Total wall-clock time: 0.02s
./tests/generated/generic-set_3_1_0_True_2/t90.c
Sun Sep 12 16:25:31 IDT 2021
Number of complete executions explored: 0
Number of blocked executions seen: 25298
Total wall-clock time: 10.38s
