running generated tests for  HW
./tests/generated/generic_10_0_10_True_4/t0.c
Sat Jan 30 10:17:42 IST 2021
Number of complete executions explored: 1
Total wall-clock time: 0.01s
./tests/generated/generic_10_0_10_True_4/t10.c
Sat Jan 30 10:17:42 IST 2021
Number of complete executions explored: 0
Number of blocked executions seen: 106
Total wall-clock time: 0.02s
./tests/generated/generic_10_0_10_True_4/t11.c
Sat Jan 30 10:17:42 IST 2021
Number of complete executions explored: 0
Number of blocked executions seen: 1
Total wall-clock time: 0.01s
./tests/generated/generic_10_0_10_True_4/t12.c
Sat Jan 30 10:17:42 IST 2021
Number of complete executions explored: 0
Number of blocked executions seen: 1
Total wall-clock time: 0.01s
./tests/generated/generic_10_0_10_True_4/t13.c
Sat Jan 30 10:17:42 IST 2021
Number of complete executions explored: 0
Number of blocked executions seen: 1
Total wall-clock time: 0.01s
./tests/generated/generic_10_0_10_True_4/t1.c
Sat Jan 30 10:17:42 IST 2021
Number of complete executions explored: 0
Number of blocked executions seen: 106
Total wall-clock time: 0.02s
./tests/generated/generic_10_0_10_True_4/t2.c
Sat Jan 30 10:17:42 IST 2021
Number of complete executions explored: 0
Number of blocked executions seen: 3701
Total wall-clock time: 0.37s
./tests/generated/generic_10_0_10_True_4/t3.c
Sat Jan 30 10:17:42 IST 2021
Number of complete executions explored: 0
Number of blocked executions seen: 51673
Total wall-clock time: 21.63s
./tests/generated/generic_10_0_10_True_4/t4.c
Sat Jan 30 10:18:04 IST 2021
Number of complete executions explored: 4
Number of blocked executions seen: 3562
Total wall-clock time: 0.26s
./tests/generated/generic_10_0_10_True_4/t5.c
Sat Jan 30 10:18:04 IST 2021
Number of complete executions explored: 0
Number of blocked executions seen: 5370
Total wall-clock time: 0.51s
./tests/generated/generic_10_0_10_True_4/t6.c
Sat Jan 30 10:18:05 IST 2021
Number of complete executions explored: 0
Number of blocked executions seen: 341
Total wall-clock time: 0.04s
./tests/generated/generic_10_0_10_True_4/t7.c
Sat Jan 30 10:18:05 IST 2021
Number of complete executions explored: 4
Number of blocked executions seen: 160978
Total wall-clock time: 168.63s
./tests/generated/generic_10_0_10_True_4/t8.c
Sat Jan 30 10:20:54 IST 2021
Number of complete executions explored: 0
Number of blocked executions seen: 1476
Total wall-clock time: 0.11s
./tests/generated/generic_10_0_10_True_4/t9.c
Sat Jan 30 10:20:54 IST 2021
Number of complete executions explored: 0
Number of blocked executions seen: 341
Total wall-clock time: 0.03s
./tests/generated/generic_10_2_10_True_4/t0.c
Sat Jan 30 10:20:54 IST 2021
Number of complete executions explored: 1
Total wall-clock time: 0.01s
./tests/generated/generic_10_2_10_True_4/t10.c
Sat Jan 30 10:20:54 IST 2021
Number of complete executions explored: 0
Number of blocked executions seen: 528
Total wall-clock time: 0.07s
./tests/generated/generic_10_2_10_True_4/t11.c
Sat Jan 30 10:20:54 IST 2021
Number of complete executions explored: 0
Number of blocked executions seen: 341
Total wall-clock time: 0.03s
./tests/generated/generic_10_2_10_True_4/t12.c
Sat Jan 30 10:20:54 IST 2021
Number of complete executions explored: 0
Number of blocked executions seen: 185
Total wall-clock time: 0.02s
./tests/generated/generic_10_2_10_True_4/t13.c
Sat Jan 30 10:20:54 IST 2021
Number of complete executions explored: 0
Number of blocked executions seen: 344
Total wall-clock time: 0.03s
./tests/generated/generic_10_2_10_True_4/t14.c
Sat Jan 30 10:20:54 IST 2021
Number of complete executions explored: 0
Number of blocked executions seen: 319140
Total wall-clock time: 298.61s
./tests/generated/generic_10_2_10_True_4/t15.c
Sat Jan 30 10:25:53 IST 2021
Number of complete executions explored: 4
Number of blocked executions seen: 3562
Total wall-clock time: 0.27s
./tests/generated/generic_10_2_10_True_4/t16.c
Sat Jan 30 10:25:53 IST 2021
Number of complete executions explored: 0
Number of blocked executions seen: 106
Total wall-clock time: 0.03s
./tests/generated/generic_10_2_10_True_4/t17.c
Sat Jan 30 10:25:53 IST 2021
./tests/generated/generic_10_2_10_True_4/t18.c
Sat Jan 30 11:25:53 IST 2021
Number of complete executions explored: 0
Number of blocked executions seen: 1
Total wall-clock time: 0.02s
./tests/generated/generic_10_2_10_True_4/t19.c
Sat Jan 30 11:25:53 IST 2021
Number of complete executions explored: 0
Number of blocked executions seen: 1
Total wall-clock time: 0.02s
./tests/generated/generic_10_2_10_True_4/t1.c
Sat Jan 30 11:25:53 IST 2021
Number of complete executions explored: 0
Number of blocked executions seen: 106
Total wall-clock time: 0.02s
./tests/generated/generic_10_2_10_True_4/t2.c
Sat Jan 30 11:25:53 IST 2021
Number of complete executions explored: 0
Number of blocked executions seen: 341
Total wall-clock time: 0.04s
./tests/generated/generic_10_2_10_True_4/t3.c
Sat Jan 30 11:25:54 IST 2021
Number of complete executions explored: 0
Number of blocked executions seen: 4620
Total wall-clock time: 0.31s
./tests/generated/generic_10_2_10_True_4/t4.c
Sat Jan 30 11:25:54 IST 2021
Number of complete executions explored: 0
Number of blocked executions seen: 3701
Total wall-clock time: 0.36s
./tests/generated/generic_10_2_10_True_4/t5.c
Sat Jan 30 11:25:54 IST 2021
Number of complete executions explored: 0
Number of blocked executions seen: 41808
Total wall-clock time: 6.43s
./tests/generated/generic_10_2_10_True_4/t6.c
Sat Jan 30 11:26:01 IST 2021
Number of complete executions explored: 0
Number of blocked executions seen: 67100
Total wall-clock time: 9.78s
./tests/generated/generic_10_2_10_True_4/t7.c
Sat Jan 30 11:26:11 IST 2021
Number of complete executions explored: 0
Number of blocked executions seen: 632
Total wall-clock time: 0.06s
./tests/generated/generic_10_2_10_True_4/t8.c
Sat Jan 30 11:26:11 IST 2021
Number of complete executions explored: 0
Number of blocked executions seen: 1476
Total wall-clock time: 0.10s
./tests/generated/generic_10_2_10_True_4/t9.c
Sat Jan 30 11:26:11 IST 2021
Number of complete executions explored: 0
Number of blocked executions seen: 632
Total wall-clock time: 0.05s
./tests/generated/generic_10_0_10_True_5/t0.c
Sat Jan 30 11:26:11 IST 2021
Number of complete executions explored: 1
Total wall-clock time: 0.01s
./tests/generated/generic_10_0_10_True_5/t10.c
Sat Jan 30 11:26:11 IST 2021
Number of complete executions explored: 0
Number of blocked executions seen: 685
Total wall-clock time: 0.10s
./tests/generated/generic_10_0_10_True_5/t11.c
Sat Jan 30 11:26:11 IST 2021
Number of complete executions explored: 0
Number of blocked executions seen: 685
Total wall-clock time: 0.11s
./tests/generated/generic_10_0_10_True_5/t12.c
Sat Jan 30 11:26:11 IST 2021
Number of complete executions explored: 0
Number of blocked executions seen: 1
Total wall-clock time: 0.02s
./tests/generated/generic_10_0_10_True_5/t13.c
Sat Jan 30 11:26:11 IST 2021
Number of complete executions explored: 0
Number of blocked executions seen: 1
Total wall-clock time: 0.02s
./tests/generated/generic_10_0_10_True_5/t1.c
Sat Jan 30 11:26:11 IST 2021
Number of complete executions explored: 0
Number of blocked executions seen: 173636
Total wall-clock time: 243.01s
./tests/generated/generic_10_0_10_True_5/t2.c
Sat Jan 30 11:30:14 IST 2021
Number of complete executions explored: 0
Number of blocked executions seen: 224900
Total wall-clock time: 170.47s
./tests/generated/generic_10_0_10_True_5/t3.c
Sat Jan 30 11:33:05 IST 2021
Number of complete executions explored: 0
Number of blocked executions seen: 51673
Total wall-clock time: 22.14s
./tests/generated/generic_10_0_10_True_5/t4.c
Sat Jan 30 11:33:27 IST 2021
Number of complete executions explored: 362
Number of blocked executions seen: 162192
Total wall-clock time: 89.52s
./tests/generated/generic_10_0_10_True_5/t5.c
Sat Jan 30 11:34:57 IST 2021
Number of complete executions explored: 0
Number of blocked executions seen: 5370
Total wall-clock time: 0.52s
./tests/generated/generic_10_0_10_True_5/t6.c
Sat Jan 30 11:34:58 IST 2021
Number of complete executions explored: 0
Number of blocked executions seen: 5370
Total wall-clock time: 0.57s
./tests/generated/generic_10_0_10_True_5/t7.c
Sat Jan 30 11:34:58 IST 2021
Number of complete executions explored: 4
Number of blocked executions seen: 160978
Total wall-clock time: 166.95s
./tests/generated/generic_10_0_10_True_5/t8.c
Sat Jan 30 11:37:45 IST 2021
Number of complete executions explored: 0
Number of blocked executions seen: 59330
Total wall-clock time: 13.43s
./tests/generated/generic_10_0_10_True_5/t9.c
Sat Jan 30 11:37:59 IST 2021
Number of complete executions explored: 0
Number of blocked executions seen: 153402
Total wall-clock time: 120.70s
./tests/generated/generic_10_2_10_True_5/t0.c
Sat Jan 30 11:39:59 IST 2021
Number of complete executions explored: 1
Total wall-clock time: 0.01s
./tests/generated/generic_10_2_10_True_5/t10.c
Sat Jan 30 11:40:00 IST 2021
Number of complete executions explored: 0
Number of blocked executions seen: 11748
Total wall-clock time: 1.26s
./tests/generated/generic_10_2_10_True_5/t11.c
Sat Jan 30 11:40:01 IST 2021
Number of complete executions explored: 0
Number of blocked executions seen: 5370
Total wall-clock time: 0.50s
./tests/generated/generic_10_2_10_True_5/t12.c
Sat Jan 30 11:40:01 IST 2021
Number of complete executions explored: 0
Number of blocked executions seen: 5089
Total wall-clock time: 0.41s
./tests/generated/generic_10_2_10_True_5/t13.c
Sat Jan 30 11:40:02 IST 2021
Number of complete executions explored: 0
Number of blocked executions seen: 8198
Total wall-clock time: 0.66s
./tests/generated/generic_10_2_10_True_5/t14.c
Sat Jan 30 11:40:03 IST 2021
Number of complete executions explored: 0
Number of blocked executions seen: 319140
Total wall-clock time: 298.65s
./tests/generated/generic_10_2_10_True_5/t15.c
Sat Jan 30 11:45:01 IST 2021
Number of complete executions explored: 362
Number of blocked executions seen: 162192
Total wall-clock time: 137.36s
./tests/generated/generic_10_2_10_True_5/t16.c
Sat Jan 30 11:47:19 IST 2021
Number of complete executions explored: 0
Number of blocked executions seen: 685
Total wall-clock time: 0.09s
./tests/generated/generic_10_2_10_True_5/t17.c
Sat Jan 30 11:47:19 IST 2021
./tests/generated/generic_10_2_10_True_5/t18.c
Sat Jan 30 12:47:19 IST 2021
Number of complete executions explored: 0
Number of blocked executions seen: 685
Total wall-clock time: 0.11s
./tests/generated/generic_10_2_10_True_5/t19.c
Sat Jan 30 12:47:19 IST 2021
Number of complete executions explored: 0
Number of blocked executions seen: 1
Total wall-clock time: 0.01s
./tests/generated/generic_10_2_10_True_5/t1.c
Sat Jan 30 12:47:19 IST 2021
Number of complete executions explored: 0
Number of blocked executions seen: 173636
Total wall-clock time: 259.62s
./tests/generated/generic_10_2_10_True_5/t2.c
Sat Jan 30 12:51:39 IST 2021
Number of complete executions explored: 0
Number of blocked executions seen: 153402
Total wall-clock time: 121.83s
./tests/generated/generic_10_2_10_True_5/t3.c
Sat Jan 30 12:53:41 IST 2021
Number of complete executions explored: 0
Number of blocked executions seen: 319140
Total wall-clock time: 154.40s
./tests/generated/generic_10_2_10_True_5/t4.c
Sat Jan 30 12:56:15 IST 2021
Number of complete executions explored: 0
Number of blocked executions seen: 224900
Total wall-clock time: 163.16s
./tests/generated/generic_10_2_10_True_5/t5.c
Sat Jan 30 12:58:59 IST 2021
Number of complete executions explored: 0
Number of blocked executions seen: 41808
Total wall-clock time: 6.64s
./tests/generated/generic_10_2_10_True_5/t6.c
Sat Jan 30 12:59:05 IST 2021
Number of complete executions explored: 0
Number of blocked executions seen: 67100
Total wall-clock time: 9.70s
./tests/generated/generic_10_2_10_True_5/t7.c
Sat Jan 30 12:59:15 IST 2021
Number of complete executions explored: 0
Number of blocked executions seen: 306112
Total wall-clock time: 240.45s
./tests/generated/generic_10_2_10_True_5/t8.c
Sat Jan 30 13:03:16 IST 2021
Number of complete executions explored: 0
Number of blocked executions seen: 59330
Total wall-clock time: 16.11s
./tests/generated/generic_10_2_10_True_5/t9.c
Sat Jan 30 13:03:32 IST 2021
Number of complete executions explored: 0
Number of blocked executions seen: 13208
Total wall-clock time: 1.40s
