running generated tests for LCRQ
./tests/generated/generic_10_0_10_True_4_lcrq/t1.c
Thu Apr 15 11:14:35 IDT 2021
Number of complete executions explored: 0
Number of blocked executions seen: 6801208
Total wall-clock time: 1198.33s
./tests/generated/generic_10_0_10_True_4_lcrq/t10.c
Thu Apr 15 11:34:33 IDT 2021
Number of complete executions explored: 0
Number of blocked executions seen: 41550
Total wall-clock time: 8.19s
./tests/generated/generic_10_0_10_True_4_lcrq/t11.c
Thu Apr 15 11:34:41 IDT 2021
Number of complete executions explored: 0
Number of blocked executions seen: 60
Total wall-clock time: 0.03s
./tests/generated/generic_10_0_10_True_4_lcrq/t12.c
Thu Apr 15 11:34:41 IDT 2021
Number of complete executions explored: 0
Number of blocked executions seen: 120
Total wall-clock time: 0.04s
./tests/generated/generic_10_0_10_True_4_lcrq/t13.c
Thu Apr 15 11:34:41 IDT 2021
Number of complete executions explored: 0
Number of blocked executions seen: 24
Total wall-clock time: 0.02s
./tests/generated/generic_10_0_10_True_4_lcrq/t2.c
Thu Apr 15 11:34:41 IDT 2021
Number of complete executions explored: 0
Number of blocked executions seen: 5010172
Total wall-clock time: 1006.13s
./tests/generated/generic_10_0_10_True_4_lcrq/t3.c
Thu Apr 15 11:51:28 IDT 2021
Number of complete executions explored: 0
Number of blocked executions seen: 568
Total wall-clock time: 0.12s
./tests/generated/generic_10_0_10_True_4_lcrq/t4.c
Thu Apr 15 11:51:28 IDT 2021
Number of complete executions explored: 0
Number of blocked executions seen: 122
Total wall-clock time: 0.03s
./tests/generated/generic_10_0_10_True_4_lcrq/t5.c
Thu Apr 15 11:51:28 IDT 2021
Number of complete executions explored: 0
Number of blocked executions seen: 126
Total wall-clock time: 0.04s
./tests/generated/generic_10_0_10_True_4_lcrq/t6.c
Thu Apr 15 11:51:28 IDT 2021
Number of complete executions explored: 0
Number of blocked executions seen: 46
Total wall-clock time: 0.03s
./tests/generated/generic_10_0_10_True_4_lcrq/t7.c
Thu Apr 15 11:51:28 IDT 2021
Number of complete executions explored: 0
Number of blocked executions seen: 540
Total wall-clock time: 0.10s
./tests/generated/generic_10_0_10_True_4_lcrq/t8.c
Thu Apr 15 11:51:28 IDT 2021
Number of complete executions explored: 0
Number of blocked executions seen: 78
Total wall-clock time: 0.03s
./tests/generated/generic_10_0_10_True_4_lcrq/t9.c
Thu Apr 15 11:51:28 IDT 2021
Number of complete executions explored: 0
Number of blocked executions seen: 54392
Total wall-clock time: 5.47s
./tests/generated/generic_10_2_10_True_4_lcrq/t1.c
Thu Apr 15 11:51:34 IDT 2021
Number of complete executions explored: 0
Number of blocked executions seen: 6801208
Total wall-clock time: 1475.59s
./tests/generated/generic_10_2_10_True_4_lcrq/t10.c
Thu Apr 15 12:16:09 IDT 2021
Number of complete executions explored: 0
Number of blocked executions seen: 75369
Total wall-clock time: 25.40s
./tests/generated/generic_10_2_10_True_4_lcrq/t11.c
Thu Apr 15 12:16:35 IDT 2021
Number of complete executions explored: 0
Number of blocked executions seen: 32
Total wall-clock time: 0.03s
./tests/generated/generic_10_2_10_True_4_lcrq/t12.c
Thu Apr 15 12:16:35 IDT 2021
Number of complete executions explored: 0
Number of blocked executions seen: 27
Total wall-clock time: 0.03s
./tests/generated/generic_10_2_10_True_4_lcrq/t13.c
Thu Apr 15 12:16:35 IDT 2021
Number of complete executions explored: 0
Number of blocked executions seen: 657
Total wall-clock time: 0.15s
./tests/generated/generic_10_2_10_True_4_lcrq/t14.c
Thu Apr 15 12:16:35 IDT 2021
Number of complete executions explored: 0
Number of blocked executions seen: 178972
Total wall-clock time: 32.54s
./tests/generated/generic_10_2_10_True_4_lcrq/t15.c
Thu Apr 15 12:17:07 IDT 2021
Number of complete executions explored: 0
Number of blocked executions seen: 109
Total wall-clock time: 0.05s
./tests/generated/generic_10_2_10_True_4_lcrq/t16.c
Thu Apr 15 12:17:08 IDT 2021
Number of complete executions explored: 0
Number of blocked executions seen: 41550
Total wall-clock time: 12.21s
./tests/generated/generic_10_2_10_True_4_lcrq/t17.c
Thu Apr 15 12:17:20 IDT 2021
Number of complete executions explored: 0
Number of blocked executions seen: 236673
Total wall-clock time: 57.82s
./tests/generated/generic_10_2_10_True_4_lcrq/t18.c
Thu Apr 15 12:18:18 IDT 2021
Number of complete executions explored: 0
Number of blocked executions seen: 60
Total wall-clock time: 0.04s
./tests/generated/generic_10_2_10_True_4_lcrq/t19.c
Thu Apr 15 12:18:18 IDT 2021
Number of complete executions explored: 0
Number of blocked executions seen: 24
Total wall-clock time: 0.03s
./tests/generated/generic_10_2_10_True_4_lcrq/t2.c
Thu Apr 15 12:18:18 IDT 2021
Number of complete executions explored: 0
Number of blocked executions seen: 54381
Total wall-clock time: 8.16s
./tests/generated/generic_10_2_10_True_4_lcrq/t3.c
Thu Apr 15 12:18:26 IDT 2021
Number of complete executions explored: 0
Number of blocked executions seen: 3338
Total wall-clock time: 0.72s
./tests/generated/generic_10_2_10_True_4_lcrq/t4.c
Thu Apr 15 12:18:27 IDT 2021
Number of complete executions explored: 0
Number of blocked executions seen: 4386844
Total wall-clock time: 1300.21s
./tests/generated/generic_10_2_10_True_4_lcrq/t5.c
Thu Apr 15 12:40:07 IDT 2021
Number of complete executions explored: 0
Number of blocked executions seen: 374
Total wall-clock time: 0.13s
./tests/generated/generic_10_2_10_True_4_lcrq/t6.c
Thu Apr 15 12:40:07 IDT 2021
Number of complete executions explored: 0
Number of blocked executions seen: 168296
Total wall-clock time: 28.05s
./tests/generated/generic_10_2_10_True_4_lcrq/t7.c
Thu Apr 15 12:40:35 IDT 2021
Number of complete executions explored: 0
Number of blocked executions seen: 50527
Total wall-clock time: 11.36s
./tests/generated/generic_10_2_10_True_4_lcrq/t8.c
Thu Apr 15 12:40:47 IDT 2021
Number of complete executions explored: 0
Number of blocked executions seen: 84
Total wall-clock time: 0.05s
./tests/generated/generic_10_2_10_True_4_lcrq/t9.c
Thu Apr 15 12:40:47 IDT 2021
Number of complete executions explored: 0
Number of blocked executions seen: 619
Total wall-clock time: 0.17s
