running generated tests for  MS
./tests/generated/generic_10_0_10_True_4/t0.c
Thu Feb  4 09:11:17 IST 2021
Number of complete executions explored: 1
Total wall-clock time: 0.04s
./tests/generated/generic_10_0_10_True_4/t10.c
Thu Feb  4 09:11:17 IST 2021
Number of complete executions explored: 0
Number of blocked executions seen: 4617
Total wall-clock time: 0.78s
./tests/generated/generic_10_0_10_True_4/t11.c
Thu Feb  4 09:11:17 IST 2021
Number of complete executions explored: 0
Number of blocked executions seen: 1
Total wall-clock time: 0.02s
./tests/generated/generic_10_0_10_True_4/t12.c
Thu Feb  4 09:11:18 IST 2021
Number of complete executions explored: 0
Number of blocked executions seen: 1
Total wall-clock time: 0.02s
./tests/generated/generic_10_0_10_True_4/t13.c
Thu Feb  4 09:11:18 IST 2021
Number of complete executions explored: 0
Number of blocked executions seen: 1
Total wall-clock time: 0.02s
./tests/generated/generic_10_0_10_True_4/t1.c
Thu Feb  4 09:11:18 IST 2021
Number of complete executions explored: 0
Number of blocked executions seen: 4425328
Total wall-clock time: 830.00s
./tests/generated/generic_10_0_10_True_4/t2.c
Thu Feb  4 09:25:08 IST 2021
Number of complete executions explored: 0
Number of blocked executions seen: 3984861
Total wall-clock time: 841.02s
./tests/generated/generic_10_0_10_True_4/t3.c
Thu Feb  4 09:39:09 IST 2021
./tests/generated/generic_10_0_10_True_4/t4.c
Thu Feb  4 10:39:11 IST 2021
./tests/generated/generic_10_0_10_True_4/t5.c
Thu Feb  4 11:39:11 IST 2021
./tests/generated/generic_10_0_10_True_4/t6.c
Thu Feb  4 12:39:11 IST 2021
Number of complete executions explored: 0
Number of blocked executions seen: 65051
Total wall-clock time: 24.28s
./tests/generated/generic_10_0_10_True_4/t7.c
Thu Feb  4 12:39:35 IST 2021
./tests/generated/generic_10_0_10_True_4/t8.c
Thu Feb  4 13:39:35 IST 2021
./tests/generated/generic_10_0_10_True_4/t9.c
Thu Feb  4 14:39:36 IST 2021
Number of complete executions explored: 0
Number of blocked executions seen: 64868
Total wall-clock time: 8.29s
./tests/generated/generic_10_2_10_True_4/t0.c
Thu Feb  4 14:39:44 IST 2021
Number of complete executions explored: 1
Total wall-clock time: 0.03s
./tests/generated/generic_10_2_10_True_4/t10.c
Thu Feb  4 14:39:44 IST 2021
Number of complete executions explored: 0
Number of blocked executions seen: 70102
Total wall-clock time: 10.76s
./tests/generated/generic_10_2_10_True_4/t11.c
Thu Feb  4 14:39:55 IST 2021
Number of complete executions explored: 0
Number of blocked executions seen: 65051
Total wall-clock time: 10.27s
./tests/generated/generic_10_2_10_True_4/t12.c
Thu Feb  4 14:40:05 IST 2021
Number of complete executions explored: 0
Number of blocked executions seen: 15924
Total wall-clock time: 2.06s
./tests/generated/generic_10_2_10_True_4/t13.c
Thu Feb  4 14:40:07 IST 2021
Number of complete executions explored: 0
Number of blocked executions seen: 30604
Total wall-clock time: 3.78s
./tests/generated/generic_10_2_10_True_4/t14.c
Thu Feb  4 14:40:11 IST 2021
./tests/generated/generic_10_2_10_True_4/t15.c
Thu Feb  4 15:40:11 IST 2021
./tests/generated/generic_10_2_10_True_4/t16.c
Thu Feb  4 16:40:12 IST 2021
Number of complete executions explored: 0
Number of blocked executions seen: 4617
Total wall-clock time: 0.79s
./tests/generated/generic_10_2_10_True_4/t17.c
Thu Feb  4 16:40:13 IST 2021
./tests/generated/generic_10_2_10_True_4/t18.c
Thu Feb  4 17:40:13 IST 2021
Number of complete executions explored: 0
Number of blocked executions seen: 4617
Total wall-clock time: 0.83s
./tests/generated/generic_10_2_10_True_4/t19.c
Thu Feb  4 17:40:14 IST 2021
Number of complete executions explored: 0
Number of blocked executions seen: 1
Total wall-clock time: 0.02s
./tests/generated/generic_10_2_10_True_4/t1.c
Thu Feb  4 17:40:14 IST 2021
Number of complete executions explored: 0
Number of blocked executions seen: 4425328
Total wall-clock time: 827.14s
./tests/generated/generic_10_2_10_True_4/t2.c
Thu Feb  4 17:54:01 IST 2021
