running generated tests for  MS
./tests/generated/generic_10_0_10_True_4/t0.c
Sun Feb  7 09:29:52 IST 2021
Number of complete executions explored: 1
Total wall-clock time: 0.01s
./tests/generated/generic_10_0_10_True_4/t10.c
Sun Feb  7 09:29:52 IST 2021
Number of complete executions explored: 0
Number of blocked executions seen: 4617
Total wall-clock time: 0.80s
./tests/generated/generic_10_0_10_True_4/t11.c
Sun Feb  7 09:29:53 IST 2021
Number of complete executions explored: 0
Number of blocked executions seen: 1
Total wall-clock time: 0.02s
./tests/generated/generic_10_0_10_True_4/t12.c
Sun Feb  7 09:29:53 IST 2021
Number of complete executions explored: 0
Number of blocked executions seen: 1
Total wall-clock time: 0.02s
./tests/generated/generic_10_0_10_True_4/t13.c
Sun Feb  7 09:29:53 IST 2021
Number of complete executions explored: 0
Number of blocked executions seen: 1
Total wall-clock time: 0.02s
./tests/generated/generic_10_0_10_True_4/t1.c
Sun Feb  7 09:29:53 IST 2021
Number of complete executions explored: 0
Number of blocked executions seen: 4425328
Total wall-clock time: 829.13s
./tests/generated/generic_10_0_10_True_4/t2.c
Sun Feb  7 09:43:42 IST 2021
Number of complete executions explored: 0
Number of blocked executions seen: 3984861
Total wall-clock time: 836.57s
./tests/generated/generic_10_0_10_True_4/t3.c
Sun Feb  7 09:57:39 IST 2021
./tests/generated/generic_10_0_10_True_4/t4.c
Sun Feb  7 10:57:40 IST 2021
./tests/generated/generic_10_0_10_True_4/t5.c
Sun Feb  7 11:57:40 IST 2021
./tests/generated/generic_10_0_10_True_4/t6.c
Sun Feb  7 12:57:40 IST 2021
Number of complete executions explored: 0
Number of blocked executions seen: 65051
Total wall-clock time: 24.85s
./tests/generated/generic_10_0_10_True_4/t7.c
Sun Feb  7 12:58:05 IST 2021
./tests/generated/generic_10_0_10_True_4/t8.c
Sun Feb  7 13:58:05 IST 2021
./tests/generated/generic_10_0_10_True_4/t9.c
Sun Feb  7 14:58:05 IST 2021
Number of complete executions explored: 0
Number of blocked executions seen: 64868
Total wall-clock time: 8.35s
./tests/generated/generic_10_2_10_True_4/t0.c
Sun Feb  7 14:58:14 IST 2021
Number of complete executions explored: 1
Total wall-clock time: 0.03s
./tests/generated/generic_10_2_10_True_4/t10.c
Sun Feb  7 14:58:14 IST 2021
Number of complete executions explored: 0
Number of blocked executions seen: 70102
Total wall-clock time: 10.92s
./tests/generated/generic_10_2_10_True_4/t11.c
Sun Feb  7 14:58:25 IST 2021
Number of complete executions explored: 0
Number of blocked executions seen: 65051
Total wall-clock time: 10.17s
./tests/generated/generic_10_2_10_True_4/t12.c
Sun Feb  7 14:58:35 IST 2021
Number of complete executions explored: 0
Number of blocked executions seen: 15924
Total wall-clock time: 2.00s
./tests/generated/generic_10_2_10_True_4/t13.c
Sun Feb  7 14:58:37 IST 2021
Number of complete executions explored: 0
Number of blocked executions seen: 30604
Total wall-clock time: 3.78s
./tests/generated/generic_10_2_10_True_4/t14.c
Sun Feb  7 14:58:41 IST 2021
./tests/generated/generic_10_2_10_True_4/t15.c
Sun Feb  7 15:58:41 IST 2021
./tests/generated/generic_10_2_10_True_4/t16.c
Sun Feb  7 16:58:41 IST 2021
Number of complete executions explored: 0
Number of blocked executions seen: 4617
Total wall-clock time: 0.79s
./tests/generated/generic_10_2_10_True_4/t17.c
Sun Feb  7 16:58:42 IST 2021
./tests/generated/generic_10_2_10_True_4/t18.c
Sun Feb  7 17:58:42 IST 2021
Number of complete executions explored: 0
Number of blocked executions seen: 4617
Total wall-clock time: 0.83s
./tests/generated/generic_10_2_10_True_4/t19.c
Sun Feb  7 17:58:43 IST 2021
Number of complete executions explored: 0
Number of blocked executions seen: 1
Total wall-clock time: 0.02s
./tests/generated/generic_10_2_10_True_4/t1.c
Sun Feb  7 17:58:43 IST 2021
Number of complete executions explored: 0
Number of blocked executions seen: 4425328
Total wall-clock time: 834.18s
./tests/generated/generic_10_2_10_True_4/t2.c
Sun Feb  7 18:12:38 IST 2021
./tests/generated/generic_10_2_10_True_4/t3.c
Sun Feb  7 19:12:38 IST 2021
Number of complete executions explored: 0
Number of blocked executions seen: 2364516
Total wall-clock time: 322.87s
./tests/generated/generic_10_2_10_True_4/t4.c
Sun Feb  7 19:18:01 IST 2021
