running generated tests for  QU
./tests/generated/generic_10_0_10_True_4/t0.c
Mon Feb  1 10:32:20 IST 2021
Number of complete executions explored: 1
Total wall-clock time: 0.04s
./tests/generated/generic_10_0_10_True_4/t10.c
Mon Feb  1 10:32:30 IST 2021
Number of complete executions explored: 0
Number of blocked executions seen: 160
Total wall-clock time: 0.05s
./tests/generated/generic_10_0_10_True_4/t11.c
Mon Feb  1 10:32:30 IST 2021
Number of complete executions explored: 0
Number of blocked executions seen: 1
Total wall-clock time: 0.03s
./tests/generated/generic_10_0_10_True_4/t12.c
Mon Feb  1 10:32:30 IST 2021
Number of complete executions explored: 0
Number of blocked executions seen: 1
Total wall-clock time: 0.03s
./tests/generated/generic_10_0_10_True_4/t13.c
Mon Feb  1 10:32:30 IST 2021
Number of complete executions explored: 0
Number of blocked executions seen: 1
Total wall-clock time: 0.03s
./tests/generated/generic_10_0_10_True_4/t1.c
Mon Feb  1 10:32:30 IST 2021
Number of complete executions explored: 0
Number of blocked executions seen: 160
Total wall-clock time: 0.04s
./tests/generated/generic_10_0_10_True_4/t2.c
Mon Feb  1 10:32:31 IST 2021
Number of complete executions explored: 0
Number of blocked executions seen: 3032
Total wall-clock time: 0.35s
./tests/generated/generic_10_0_10_True_4/t3.c
Mon Feb  1 10:32:31 IST 2021
Number of complete executions explored: 0
Number of blocked executions seen: 39256
Total wall-clock time: 22.77s
./tests/generated/generic_10_0_10_True_4/t4.c
Mon Feb  1 10:32:54 IST 2021
Number of complete executions explored: 0
Number of blocked executions seen: 3920
Total wall-clock time: 0.41s
./tests/generated/generic_10_0_10_True_4/t5.c
Mon Feb  1 10:32:54 IST 2021
Number of complete executions explored: 0
Number of blocked executions seen: 1800
Total wall-clock time: 0.17s
./tests/generated/generic_10_0_10_True_4/t6.c
Mon Feb  1 10:32:54 IST 2021
Number of complete executions explored: 0
Number of blocked executions seen: 182
Total wall-clock time: 0.05s
./tests/generated/generic_10_0_10_True_4/t7.c
Mon Feb  1 10:32:55 IST 2021
Number of complete executions explored: 0
Number of blocked executions seen: 48985
Total wall-clock time: 30.34s
./tests/generated/generic_10_0_10_True_4/t8.c
Mon Feb  1 10:33:25 IST 2021
Number of complete executions explored: 0
Number of blocked executions seen: 3186
Total wall-clock time: 0.39s
./tests/generated/generic_10_0_10_True_4/t9.c
Mon Feb  1 10:33:25 IST 2021
Number of complete executions explored: 0
Number of blocked executions seen: 181
Total wall-clock time: 0.04s
./tests/generated/generic_10_2_10_True_4/t0.c
Mon Feb  1 10:33:25 IST 2021
Number of complete executions explored: 1
Total wall-clock time: 0.02s
./tests/generated/generic_10_2_10_True_4/t10.c
Mon Feb  1 10:33:25 IST 2021
Number of complete executions explored: 0
Number of blocked executions seen: 918
Total wall-clock time: 0.11s
./tests/generated/generic_10_2_10_True_4/t11.c
Mon Feb  1 10:33:26 IST 2021
Number of complete executions explored: 0
Number of blocked executions seen: 182
Total wall-clock time: 0.04s
./tests/generated/generic_10_2_10_True_4/t12.c
Mon Feb  1 10:33:26 IST 2021
Number of complete executions explored: 0
Number of blocked executions seen: 428
Total wall-clock time: 0.05s
./tests/generated/generic_10_2_10_True_4/t13.c
Mon Feb  1 10:33:26 IST 2021
Number of complete executions explored: 0
Number of blocked executions seen: 804
Total wall-clock time: 0.07s
./tests/generated/generic_10_2_10_True_4/t14.c
Mon Feb  1 10:33:26 IST 2021
Number of complete executions explored: 0
Number of blocked executions seen: 215566
Total wall-clock time: 431.73s
./tests/generated/generic_10_2_10_True_4/t15.c
Mon Feb  1 10:40:38 IST 2021
Number of complete executions explored: 0
Number of blocked executions seen: 3920
Total wall-clock time: 0.43s
./tests/generated/generic_10_2_10_True_4/t16.c
Mon Feb  1 10:40:38 IST 2021
Number of complete executions explored: 0
Number of blocked executions seen: 160
Total wall-clock time: 0.04s
./tests/generated/generic_10_2_10_True_4/t17.c
Mon Feb  1 10:40:38 IST 2021
./tests/generated/generic_10_2_10_True_4/t18.c
Mon Feb  1 11:40:38 IST 2021
Number of complete executions explored: 0
Number of blocked executions seen: 1
Total wall-clock time: 0.04s
./tests/generated/generic_10_2_10_True_4/t19.c
Mon Feb  1 11:40:39 IST 2021
Number of complete executions explored: 0
Number of blocked executions seen: 1
Total wall-clock time: 0.02s
./tests/generated/generic_10_2_10_True_4/t1.c
Mon Feb  1 11:40:39 IST 2021
Number of complete executions explored: 0
Number of blocked executions seen: 160
Total wall-clock time: 0.04s
./tests/generated/generic_10_2_10_True_4/t2.c
Mon Feb  1 11:40:39 IST 2021
Number of complete executions explored: 0
Number of blocked executions seen: 181
Total wall-clock time: 0.04s
./tests/generated/generic_10_2_10_True_4/t3.c
Mon Feb  1 11:40:39 IST 2021
Number of complete executions explored: 0
Number of blocked executions seen: 19774
Total wall-clock time: 2.57s
./tests/generated/generic_10_2_10_True_4/t4.c
Mon Feb  1 11:40:41 IST 2021
Number of complete executions explored: 0
Number of blocked executions seen: 3032
Total wall-clock time: 0.34s
./tests/generated/generic_10_2_10_True_4/t5.c
Mon Feb  1 11:40:42 IST 2021
Number of complete executions explored: 0
Number of blocked executions seen: 100136
Total wall-clock time: 150.45s
./tests/generated/generic_10_2_10_True_4/t6.c
Mon Feb  1 11:43:12 IST 2021
Number of complete executions explored: 0
Number of blocked executions seen: 184153
Total wall-clock time: 316.17s
./tests/generated/generic_10_2_10_True_4/t7.c
Mon Feb  1 11:48:29 IST 2021
Number of complete executions explored: 0
Number of blocked executions seen: 1080
Total wall-clock time: 0.10s
./tests/generated/generic_10_2_10_True_4/t8.c
Mon Feb  1 11:48:29 IST 2021
Number of complete executions explored: 0
Number of blocked executions seen: 3186
Total wall-clock time: 0.31s
./tests/generated/generic_10_2_10_True_4/t9.c
Mon Feb  1 11:48:29 IST 2021
Number of complete executions explored: 0
Number of blocked executions seen: 1080
Total wall-clock time: 0.10s
./tests/generated/generic_10_0_10_True_5/t0.c
Mon Feb  1 11:48:29 IST 2021
Number of complete executions explored: 1
Total wall-clock time: 0.02s
./tests/generated/generic_10_0_10_True_5/t10.c
Mon Feb  1 11:48:29 IST 2021
Number of complete executions explored: 0
Number of blocked executions seen: 768
Total wall-clock time: 0.09s
./tests/generated/generic_10_0_10_True_5/t11.c
Mon Feb  1 11:48:29 IST 2021
Number of complete executions explored: 0
Number of blocked executions seen: 768
Total wall-clock time: 0.12s
./tests/generated/generic_10_0_10_True_5/t12.c
Mon Feb  1 11:48:30 IST 2021
Number of complete executions explored: 0
Number of blocked executions seen: 1
Total wall-clock time: 0.02s
./tests/generated/generic_10_0_10_True_5/t13.c
Mon Feb  1 11:48:30 IST 2021
Number of complete executions explored: 0
Number of blocked executions seen: 1
Total wall-clock time: 0.02s
./tests/generated/generic_10_0_10_True_5/t1.c
Mon Feb  1 11:48:30 IST 2021
Number of complete executions explored: 0
Number of blocked executions seen: 41344
Total wall-clock time: 19.11s
./tests/generated/generic_10_0_10_True_5/t2.c
Mon Feb  1 11:48:49 IST 2021
Number of complete executions explored: 0
Number of blocked executions seen: 36495
Total wall-clock time: 10.35s
./tests/generated/generic_10_0_10_True_5/t3.c
Mon Feb  1 11:48:59 IST 2021
Number of complete executions explored: 0
Number of blocked executions seen: 39256
Total wall-clock time: 22.72s
./tests/generated/generic_10_0_10_True_5/t4.c
Mon Feb  1 11:49:22 IST 2021
Number of complete executions explored: 0
Number of blocked executions seen: 48241
Total wall-clock time: 17.40s
./tests/generated/generic_10_0_10_True_5/t5.c
Mon Feb  1 11:49:40 IST 2021
Number of complete executions explored: 0
Number of blocked executions seen: 1800
Total wall-clock time: 0.18s
./tests/generated/generic_10_0_10_True_5/t6.c
Mon Feb  1 11:49:40 IST 2021
Number of complete executions explored: 0
Number of blocked executions seen: 1799
Total wall-clock time: 0.21s
./tests/generated/generic_10_0_10_True_5/t7.c
Mon Feb  1 11:49:40 IST 2021
Number of complete executions explored: 0
Number of blocked executions seen: 48985
Total wall-clock time: 30.50s
./tests/generated/generic_10_0_10_True_5/t8.c
Mon Feb  1 11:50:11 IST 2021
Number of complete executions explored: 0
Number of blocked executions seen: 32206
Total wall-clock time: 10.91s
./tests/generated/generic_10_0_10_True_5/t9.c
Mon Feb  1 11:50:22 IST 2021
Number of complete executions explored: 0
Number of blocked executions seen: 43956
Total wall-clock time: 18.44s
./tests/generated/generic_10_2_10_True_5/t0.c
Mon Feb  1 11:50:40 IST 2021
Number of complete executions explored: 1
Total wall-clock time: 0.04s
./tests/generated/generic_10_2_10_True_5/t10.c
Mon Feb  1 11:50:40 IST 2021
Number of complete executions explored: 0
Number of blocked executions seen: 8780
Total wall-clock time: 0.90s
./tests/generated/generic_10_2_10_True_5/t11.c
Mon Feb  1 11:50:41 IST 2021
Number of complete executions explored: 0
Number of blocked executions seen: 1799
Total wall-clock time: 0.15s
./tests/generated/generic_10_2_10_True_5/t12.c
Mon Feb  1 11:50:41 IST 2021
Number of complete executions explored: 0
Number of blocked executions seen: 3870
Total wall-clock time: 0.34s
./tests/generated/generic_10_2_10_True_5/t13.c
Mon Feb  1 11:50:42 IST 2021
Number of complete executions explored: 0
Number of blocked executions seen: 6823
Total wall-clock time: 0.65s
./tests/generated/generic_10_2_10_True_5/t14.c
Mon Feb  1 11:50:42 IST 2021
Number of complete executions explored: 0
Number of blocked executions seen: 215566
Total wall-clock time: 434.99s
./tests/generated/generic_10_2_10_True_5/t15.c
Mon Feb  1 11:57:58 IST 2021
Number of complete executions explored: 0
Number of blocked executions seen: 48241
Total wall-clock time: 21.70s
./tests/generated/generic_10_2_10_True_5/t16.c
Mon Feb  1 11:58:19 IST 2021
Number of complete executions explored: 0
Number of blocked executions seen: 768
Total wall-clock time: 0.10s
./tests/generated/generic_10_2_10_True_5/t17.c
Mon Feb  1 11:58:20 IST 2021
./tests/generated/generic_10_2_10_True_5/t18.c
Mon Feb  1 12:58:20 IST 2021
Number of complete executions explored: 0
Number of blocked executions seen: 768
Total wall-clock time: 0.13s
./tests/generated/generic_10_2_10_True_5/t19.c
Mon Feb  1 12:58:20 IST 2021
Number of complete executions explored: 0
Number of blocked executions seen: 1
Total wall-clock time: 0.02s
./tests/generated/generic_10_2_10_True_5/t1.c
Mon Feb  1 12:58:20 IST 2021
Number of complete executions explored: 0
Number of blocked executions seen: 41344
Total wall-clock time: 18.33s
./tests/generated/generic_10_2_10_True_5/t2.c
Mon Feb  1 12:58:38 IST 2021
Number of complete executions explored: 0
Number of blocked executions seen: 43956
Total wall-clock time: 18.57s
./tests/generated/generic_10_2_10_True_5/t3.c
Mon Feb  1 12:58:57 IST 2021
Number of complete executions explored: 0
Number of blocked executions seen: 215566
Total wall-clock time: 331.47s
./tests/generated/generic_10_2_10_True_5/t4.c
Mon Feb  1 13:04:29 IST 2021
Number of complete executions explored: 0
Number of blocked executions seen: 36495
Total wall-clock time: 10.24s
./tests/generated/generic_10_2_10_True_5/t5.c
Mon Feb  1 13:04:39 IST 2021
Number of complete executions explored: 0
Number of blocked executions seen: 100136
Total wall-clock time: 140.41s
./tests/generated/generic_10_2_10_True_5/t6.c
Mon Feb  1 13:06:59 IST 2021
Number of complete executions explored: 0
Number of blocked executions seen: 184153
Total wall-clock time: 313.95s
./tests/generated/generic_10_2_10_True_5/t7.c
Mon Feb  1 13:12:13 IST 2021
Number of complete executions explored: 0
Number of blocked executions seen: 194428
Total wall-clock time: 373.20s
./tests/generated/generic_10_2_10_True_5/t8.c
Mon Feb  1 13:18:27 IST 2021
Number of complete executions explored: 0
Number of blocked executions seen: 32206
Total wall-clock time: 10.42s
./tests/generated/generic_10_2_10_True_5/t9.c
Mon Feb  1 13:18:37 IST 2021
Number of complete executions explored: 0
Number of blocked executions seen: 9991
Total wall-clock time: 1.02s
